"Severity","ThreadID","Date","Time","Application","Message"
"ERROR","ajp-bio-8009-exec-9","03/03/2015","13:42:07","",";key [INSTAPROFILEPIC] doesn't exist;key [INSTAPROFILEPIC] doesn't exist
	at railo.runtime.type.util.StructSupport.invalidKey(StructSupport.java:48):48
	at railo.runtime.type.StructImpl.get(StructImpl.java:102):102
	at userfeed_cfm$cf.call(C:\inetpub\kTimelineApp\userFeed.cfm:75):75
	at railo.runtime.PageContextImpl.doInclude(PageContextImpl.java:909):909
	at railo.runtime.PageContextImpl.doInclude(PageContextImpl.java:861):861
	at railo.runtime.listener.ModernAppListener._onRequest(ModernAppListener.java:206):206
	at railo.runtime.listener.ModernAppListener.onRequest(ModernAppListener.java:84):84
	at railo.runtime.PageContextImpl.execute(PageContextImpl.java:2212):2212
	at railo.runtime.PageContextImpl.execute(PageContextImpl.java:2179):2179
	at railo.runtime.engine.CFMLEngineImpl.serviceCFML(CFMLEngineImpl.java:331):331
	at railo.loader.servlet.CFMLServlet.service(CFMLServlet.java:29):29
	at javax.servlet.http.HttpServlet.service(HttpServlet.java:728):728
	at org.apache.catalina.core.ApplicationFilterChain.internalDoFilter(ApplicationFilterChain.java:305):305
	at org.apache.catalina.core.ApplicationFilterChain.doFilter(ApplicationFilterChain.java:210):210
	at org.apache.catalina.core.StandardWrapperValve.invoke(StandardWrapperValve.java:222):222
	at org.apache.catalina.core.StandardContextValve.invoke(StandardContextValve.java:123):123
	at org.apache.catalina.authenticator.AuthenticatorBase.invoke(AuthenticatorBase.java:472):472
	at org.apache.catalina.core.StandardHostValve.invoke(StandardHostValve.java:171):171
	at org.apache.catalina.valves.ErrorReportValve.invoke(ErrorReportValve.java:99):99
	at org.apache.catalina.core.StandardEngineValve.invoke(StandardEngineValve.java:118):118
	at org.apache.catalina.connector.CoyoteAdapter.service(CoyoteAdapter.java:407):407
	at org.apache.coyote.ajp.AjpProcessor.process(AjpProcessor.java:200):200
	at org.apache.coyote.AbstractProtocol$AbstractConnectionHandler.process(AbstractProtocol.java:589):589
	at org.apache.tomcat.util.net.JIoEndpoint$SocketProcessor.run(JIoEndpoint.java:310):310
	at java.util.concurrent.ThreadPoolExecutor.runWorker(Unknown Source):-1
	at java.util.concurrent.ThreadPoolExecutor$Worker.run(Unknown Source):-1
	at java.lang.Thread.run(Unknown Source):-1
"
"ERROR","ajp-bio-8009-exec-9","03/03/2015","13:43:17","",";Invalid Identifier, the following character cannot be part of a identifier [<];Invalid Identifier, the following character cannot be part of a identifier [<]
	at railo.transformer.cfml.tag.CFMLTransformer.identifier(CFMLTransformer.java:1108):1108
	at railo.transformer.cfml.tag.CFMLTransformer.attributeName(CFMLTransformer.java:996):996
	at railo.transformer.cfml.tag.CFMLTransformer.attribute(CFMLTransformer.java:942):942
	at railo.transformer.cfml.tag.CFMLTransformer.attributes(CFMLTransformer.java:821):821
	at railo.transformer.cfml.tag.CFMLTransformer.tag(CFMLTransformer.java:542):542
	at railo.transformer.cfml.tag.CFMLTransformer.body(CFMLTransformer.java:313):313
	at railo.transformer.cfml.tag.CFMLTransformer.body(CFMLTransformer.java:321):321
	at railo.transformer.cfml.tag.CFMLTransformer.body(CFMLTransformer.java:321):321
	at railo.transformer.cfml.tag.CFMLTransformer.body(CFMLTransformer.java:321):321
	at railo.transformer.cfml.tag.CFMLTransformer.body(CFMLTransformer.java:321):321
	at railo.transformer.cfml.tag.CFMLTransformer.body(CFMLTransformer.java:321):321
	at railo.transformer.cfml.tag.CFMLTransformer.body(CFMLTransformer.java:321):321
	at railo.transformer.cfml.tag.CFMLTransformer.body(CFMLTransformer.java:321):321
	at railo.transformer.cfml.tag.CFMLTransformer.body(CFMLTransformer.java:321):321
	at railo.transformer.cfml.tag.CFMLTransformer.body(CFMLTransformer.java:321):321
	at railo.transformer.cfml.tag.CFMLTransformer.body(CFMLTransformer.java:321):321
	at railo.transformer.cfml.tag.CFMLTransformer.tag(CFMLTransformer.java:633):633
	at railo.transformer.cfml.tag.CFMLTransformer.body(CFMLTransformer.java:313):313
	at railo.transformer.cfml.tag.CFMLTransformer.body(CFMLTransformer.java:321):321
	at railo.transformer.cfml.tag.CFMLTransformer.body(CFMLTransformer.java:321):321
	at railo.transformer.cfml.tag.CFMLTransformer.body(CFMLTransformer.java:321):321
	at railo.transformer.cfml.tag.CFMLTransformer.body(CFMLTransformer.java:321):321
	at railo.transformer.cfml.tag.CFMLTransformer.body(CFMLTransformer.java:321):321
	at railo.transformer.cfml.tag.CFMLTransformer.body(CFMLTransformer.java:321):321
	at railo.transformer.cfml.tag.CFMLTransformer.body(CFMLTransformer.java:321):321
	at railo.transformer.cfml.tag.CFMLTransformer.body(CFMLTransformer.java:321):321
	at railo.transformer.cfml.tag.CFMLTransformer.tag(CFMLTransformer.java:633):633
	at railo.transformer.cfml.tag.CFMLTransformer.body(CFMLTransformer.java:313):313
	at railo.transformer.cfml.tag.CFMLTransformer.body(CFMLTransformer.java:321):321
	at railo.transformer.cfml.tag.CFMLTransformer.tag(CFMLTransformer.java:633):633
	at railo.transformer.cfml.tag.CFMLTransformer.body(CFMLTransformer.java:313):313
	at railo.transformer.cfml.tag.CFMLTransformer.body(CFMLTransformer.java:321):321
	at railo.transformer.cfml.tag.CFMLTransformer.body(CFMLTransformer.java:321):321
	at railo.transformer.cfml.tag.CFMLTransformer.transform(CFMLTransformer.java:253):253
	at railo.transformer.cfml.tag.CFMLTransformer.transform(CFMLTransformer.java:124):124
	at railo.runtime.compiler.CFMLCompilerImpl.compile(CFMLCompilerImpl.java:55):55
	at railo.runtime.PageSourceImpl._compile(PageSourceImpl.java:309):309
	at railo.runtime.PageSourceImpl.compile(PageSourceImpl.java:283):283
	at railo.runtime.PageSourceImpl.loadPhysical(PageSourceImpl.java:259):259
	at railo.runtime.PageSourceImpl.loadPage(PageSourceImpl.java:166):166
	at railo.runtime.PageSourceImpl.loadPage(PageSourceImpl.java:867):867
	at railo.runtime.PageContextImpl.doInclude(PageContextImpl.java:905):905
	at railo.runtime.PageContextImpl.doInclude(PageContextImpl.java:861):861
	at railo.runtime.listener.ModernAppListener._onRequest(ModernAppListener.java:206):206
	at railo.runtime.listener.ModernAppListener.onRequest(ModernAppListener.java:84):84
	at railo.runtime.PageContextImpl.execute(PageContextImpl.java:2212):2212
	at railo.runtime.PageContextImpl.execute(PageContextImpl.java:2179):2179
	at railo.runtime.engine.CFMLEngineImpl.serviceCFML(CFMLEngineImpl.java:331):331
	at railo.loader.servlet.CFMLServlet.service(CFMLServlet.java:29):29
	at javax.servlet.http.HttpServlet.service(HttpServlet.java:728):728
	at org.apache.catalina.core.ApplicationFilterChain.internalDoFilter(ApplicationFilterChain.java:305):305
	at org.apache.catalina.core.ApplicationFilterChain.doFilter(ApplicationFilterChain.java:210):210
	at org.apache.catalina.core.StandardWrapperValve.invoke(StandardWrapperValve.java:222):222
	at org.apache.catalina.core.StandardContextValve.invoke(StandardContextValve.java:123):123
	at org.apache.catalina.authenticator.AuthenticatorBase.invoke(AuthenticatorBase.java:472):472
	at org.apache.catalina.core.StandardHostValve.invoke(StandardHostValve.java:171):171
	at org.apache.catalina.valves.ErrorReportValve.invoke(ErrorReportValve.java:99):99
	at org.apache.catalina.core.StandardEngineValve.invoke(StandardEngineValve.java:118):118
	at org.apache.catalina.connector.CoyoteAdapter.service(CoyoteAdapter.java:407):407
	at org.apache.coyote.ajp.AjpProcessor.process(AjpProcessor.java:200):200
	at org.apache.coyote.AbstractProtocol$AbstractConnectionHandler.process(AbstractProtocol.java:589):589
	at org.apache.tomcat.util.net.JIoEndpoint$SocketProcessor.run(JIoEndpoint.java:310):310
	at java.util.concurrent.ThreadPoolExecutor.runWorker(Unknown Source):-1
	at java.util.concurrent.ThreadPoolExecutor$Worker.run(Unknown Source):-1
	at java.lang.Thread.run(Unknown Source):-1
"
"ERROR","ajp-bio-8009-exec-2","03/03/2015","15:58:54","",";missing terminating [#] for expression;missing terminating [#] for expression
	at railo.transformer.cfml.tag.CFMLTransformer.literal(CFMLTransformer.java:420):420
	at railo.transformer.cfml.tag.CFMLTransformer.body(CFMLTransformer.java:317):317
	at railo.transformer.cfml.tag.CFMLTransformer.body(CFMLTransformer.java:321):321
	at railo.transformer.cfml.tag.CFMLTransformer.body(CFMLTransformer.java:321):321
	at railo.transformer.cfml.tag.CFMLTransformer.body(CFMLTransformer.java:321):321
	at railo.transformer.cfml.tag.CFMLTransformer.tag(CFMLTransformer.java:633):633
	at railo.transformer.cfml.tag.CFMLTransformer.body(CFMLTransformer.java:313):313
	at railo.transformer.cfml.tag.CFMLTransformer.body(CFMLTransformer.java:321):321
	at railo.transformer.cfml.tag.CFMLTransformer.body(CFMLTransformer.java:321):321
	at railo.transformer.cfml.tag.CFMLTransformer.transform(CFMLTransformer.java:253):253
	at railo.transformer.cfml.tag.CFMLTransformer.transform(CFMLTransformer.java:124):124
	at railo.runtime.compiler.CFMLCompilerImpl.compile(CFMLCompilerImpl.java:55):55
	at railo.runtime.PageSourceImpl._compile(PageSourceImpl.java:309):309
	at railo.runtime.PageSourceImpl.compile(PageSourceImpl.java:283):283
	at railo.runtime.PageSourceImpl.loadPhysical(PageSourceImpl.java:259):259
	at railo.runtime.PageSourceImpl.loadPage(PageSourceImpl.java:166):166
	at railo.runtime.PageSourceImpl.loadPage(PageSourceImpl.java:867):867
	at railo.runtime.PageContextImpl.doInclude(PageContextImpl.java:905):905
	at railo.runtime.PageContextImpl.doInclude(PageContextImpl.java:861):861
	at railo.runtime.listener.ModernAppListener._onRequest(ModernAppListener.java:206):206
	at railo.runtime.listener.ModernAppListener.onRequest(ModernAppListener.java:84):84
	at railo.runtime.PageContextImpl.execute(PageContextImpl.java:2212):2212
	at railo.runtime.PageContextImpl.execute(PageContextImpl.java:2179):2179
	at railo.runtime.engine.CFMLEngineImpl.serviceCFML(CFMLEngineImpl.java:331):331
	at railo.loader.servlet.CFMLServlet.service(CFMLServlet.java:29):29
	at javax.servlet.http.HttpServlet.service(HttpServlet.java:728):728
	at org.apache.catalina.core.ApplicationFilterChain.internalDoFilter(ApplicationFilterChain.java:305):305
	at org.apache.catalina.core.ApplicationFilterChain.doFilter(ApplicationFilterChain.java:210):210
	at org.apache.catalina.core.StandardWrapperValve.invoke(StandardWrapperValve.java:222):222
	at org.apache.catalina.core.StandardContextValve.invoke(StandardContextValve.java:123):123
	at org.apache.catalina.authenticator.AuthenticatorBase.invoke(AuthenticatorBase.java:472):472
	at org.apache.catalina.core.StandardHostValve.invoke(StandardHostValve.java:171):171
	at org.apache.catalina.valves.ErrorReportValve.invoke(ErrorReportValve.java:99):99
	at org.apache.catalina.core.StandardEngineValve.invoke(StandardEngineValve.java:118):118
	at org.apache.catalina.connector.CoyoteAdapter.service(CoyoteAdapter.java:407):407
	at org.apache.coyote.ajp.AjpProcessor.process(AjpProcessor.java:200):200
	at org.apache.coyote.AbstractProtocol$AbstractConnectionHandler.process(AbstractProtocol.java:589):589
	at org.apache.tomcat.util.net.JIoEndpoint$SocketProcessor.run(JIoEndpoint.java:310):310
	at java.util.concurrent.ThreadPoolExecutor.runWorker(Unknown Source):-1
	at java.util.concurrent.ThreadPoolExecutor$Worker.run(Unknown Source):-1
	at java.lang.Thread.run(Unknown Source):-1
"
"ERROR","ajp-bio-8009-exec-2","03/03/2015","16:12:06","",";Syntax Error, Invalid Construct
at position 1 in [<html><body><h1>503  ...];Syntax Error, Invalid Construct
	at railo.runtime.interpreter.CFMLExpressionInterpreter.checker(CFMLExpressionInterpreter.java:1012):1012
	at railo.runtime.interpreter.CFMLExpressionInterpreter.clip(CFMLExpressionInterpreter.java:948):948
	at railo.runtime.interpreter.CFMLExpressionInterpreter.negateMinusOp(CFMLExpressionInterpreter.java:936):936
	at railo.runtime.interpreter.CFMLExpressionInterpreter.unaryOp(CFMLExpressionInterpreter.java:889):889
	at railo.runtime.interpreter.CFMLExpressionInterpreter.expoOp(CFMLExpressionInterpreter.java:878):878
	at railo.runtime.interpreter.CFMLExpressionInterpreter.divMultiOp(CFMLExpressionInterpreter.java:838):838
	at railo.runtime.interpreter.CFMLExpressionInterpreter.modOp(CFMLExpressionInterpreter.java:818):818
	at railo.runtime.interpreter.CFMLExpressionInterpreter.plusMinusOp(CFMLExpressionInterpreter.java:661):661
	at railo.runtime.interpreter.CFMLExpressionInterpreter.concatOp(CFMLExpressionInterpreter.java:641):641
	at railo.runtime.interpreter.CFMLExpressionInterpreter.decsionOp(CFMLExpressionInterpreter.java:442):442
	at railo.runtime.interpreter.CFMLExpressionInterpreter.notOp(CFMLExpressionInterpreter.java:427):427
	at railo.runtime.interpreter.CFMLExpressionInterpreter.andOp(CFMLExpressionInterpreter.java:398):398
	at railo.runtime.interpreter.CFMLExpressionInterpreter.orOp(CFMLExpressionInterpreter.java:380):380
	at railo.runtime.interpreter.CFMLExpressionInterpreter.xorOp(CFMLExpressionInterpreter.java:362):362
	at railo.runtime.interpreter.CFMLExpressionInterpreter.eqvOp(CFMLExpressionInterpreter.java:345):345
	at railo.runtime.interpreter.CFMLExpressionInterpreter.impOp(CFMLExpressionInterpreter.java:328):328
	at railo.runtime.interpreter.CFMLExpressionInterpreter.contOp(CFMLExpressionInterpreter.java:294):294
	at railo.runtime.interpreter.CFMLExpressionInterpreter.assignOp(CFMLExpressionInterpreter.java:278):278
	at railo.runtime.interpreter.CFMLExpressionInterpreter.interpret(CFMLExpressionInterpreter.java:194):194
	at railo.runtime.interpreter.CFMLExpressionInterpreter.interpret(CFMLExpressionInterpreter.java:171):171
	at railo.runtime.functions.conversion.DeserializeJSON.call(DeserializeJSON.java:33):33
	at railo.runtime.functions.conversion.DeserializeJSON.call(DeserializeJSON.java:30):30
	at userfeed_cfm$cf.call(C:\inetpub\kTimelineApp\userFeed.cfm:98):98
	at railo.runtime.PageContextImpl.doInclude(PageContextImpl.java:909):909
	at railo.runtime.PageContextImpl.doInclude(PageContextImpl.java:861):861
	at railo.runtime.listener.ModernAppListener._onRequest(ModernAppListener.java:206):206
	at railo.runtime.listener.ModernAppListener.onRequest(ModernAppListener.java:84):84
	at railo.runtime.PageContextImpl.execute(PageContextImpl.java:2212):2212
	at railo.runtime.PageContextImpl.execute(PageContextImpl.java:2179):2179
	at railo.runtime.engine.CFMLEngineImpl.serviceCFML(CFMLEngineImpl.java:331):331
	at railo.loader.servlet.CFMLServlet.service(CFMLServlet.java:29):29
	at javax.servlet.http.HttpServlet.service(HttpServlet.java:728):728
	at org.apache.catalina.core.ApplicationFilterChain.internalDoFilter(ApplicationFilterChain.java:305):305
	at org.apache.catalina.core.ApplicationFilterChain.doFilter(ApplicationFilterChain.java:210):210
	at org.apache.catalina.core.StandardWrapperValve.invoke(StandardWrapperValve.java:222):222
	at org.apache.catalina.core.StandardContextValve.invoke(StandardContextValve.java:123):123
	at org.apache.catalina.authenticator.AuthenticatorBase.invoke(AuthenticatorBase.java:472):472
	at org.apache.catalina.core.StandardHostValve.invoke(StandardHostValve.java:171):171
	at org.apache.catalina.valves.ErrorReportValve.invoke(ErrorReportValve.java:99):99
	at org.apache.catalina.core.StandardEngineValve.invoke(StandardEngineValve.java:118):118
	at org.apache.catalina.connector.CoyoteAdapter.service(CoyoteAdapter.java:407):407
	at org.apache.coyote.ajp.AjpProcessor.process(AjpProcessor.java:200):200
	at org.apache.coyote.AbstractProtocol$AbstractConnectionHandler.process(AbstractProtocol.java:589):589
	at org.apache.tomcat.util.net.JIoEndpoint$SocketProcessor.run(JIoEndpoint.java:310):310
	at java.util.concurrent.ThreadPoolExecutor.runWorker(Unknown Source):-1
	at java.util.concurrent.ThreadPoolExecutor$Worker.run(Unknown Source):-1
	at java.lang.Thread.run(Unknown Source):-1
"
"ERROR","ajp-bio-8009-exec-2","03/03/2015","16:12:33","",";Syntax Error, Invalid Construct
at position 1 in [<html><body><h1>503  ...];Syntax Error, Invalid Construct
	at railo.runtime.interpreter.CFMLExpressionInterpreter.checker(CFMLExpressionInterpreter.java:1012):1012
	at railo.runtime.interpreter.CFMLExpressionInterpreter.clip(CFMLExpressionInterpreter.java:948):948
	at railo.runtime.interpreter.CFMLExpressionInterpreter.negateMinusOp(CFMLExpressionInterpreter.java:936):936
	at railo.runtime.interpreter.CFMLExpressionInterpreter.unaryOp(CFMLExpressionInterpreter.java:889):889
	at railo.runtime.interpreter.CFMLExpressionInterpreter.expoOp(CFMLExpressionInterpreter.java:878):878
	at railo.runtime.interpreter.CFMLExpressionInterpreter.divMultiOp(CFMLExpressionInterpreter.java:838):838
	at railo.runtime.interpreter.CFMLExpressionInterpreter.modOp(CFMLExpressionInterpreter.java:818):818
	at railo.runtime.interpreter.CFMLExpressionInterpreter.plusMinusOp(CFMLExpressionInterpreter.java:661):661
	at railo.runtime.interpreter.CFMLExpressionInterpreter.concatOp(CFMLExpressionInterpreter.java:641):641
	at railo.runtime.interpreter.CFMLExpressionInterpreter.decsionOp(CFMLExpressionInterpreter.java:442):442
	at railo.runtime.interpreter.CFMLExpressionInterpreter.notOp(CFMLExpressionInterpreter.java:427):427
	at railo.runtime.interpreter.CFMLExpressionInterpreter.andOp(CFMLExpressionInterpreter.java:398):398
	at railo.runtime.interpreter.CFMLExpressionInterpreter.orOp(CFMLExpressionInterpreter.java:380):380
	at railo.runtime.interpreter.CFMLExpressionInterpreter.xorOp(CFMLExpressionInterpreter.java:362):362
	at railo.runtime.interpreter.CFMLExpressionInterpreter.eqvOp(CFMLExpressionInterpreter.java:345):345
	at railo.runtime.interpreter.CFMLExpressionInterpreter.impOp(CFMLExpressionInterpreter.java:328):328
	at railo.runtime.interpreter.CFMLExpressionInterpreter.contOp(CFMLExpressionInterpreter.java:294):294
	at railo.runtime.interpreter.CFMLExpressionInterpreter.assignOp(CFMLExpressionInterpreter.java:278):278
	at railo.runtime.interpreter.CFMLExpressionInterpreter.interpret(CFMLExpressionInterpreter.java:194):194
	at railo.runtime.interpreter.CFMLExpressionInterpreter.interpret(CFMLExpressionInterpreter.java:171):171
	at railo.runtime.functions.conversion.DeserializeJSON.call(DeserializeJSON.java:33):33
	at railo.runtime.functions.conversion.DeserializeJSON.call(DeserializeJSON.java:30):30
	at userfeed_cfm$cf.call(C:\inetpub\kTimelineApp\userFeed.cfm:98):98
	at railo.runtime.PageContextImpl.doInclude(PageContextImpl.java:909):909
	at railo.runtime.PageContextImpl.doInclude(PageContextImpl.java:861):861
	at railo.runtime.listener.ModernAppListener._onRequest(ModernAppListener.java:206):206
	at railo.runtime.listener.ModernAppListener.onRequest(ModernAppListener.java:84):84
	at railo.runtime.PageContextImpl.execute(PageContextImpl.java:2212):2212
	at railo.runtime.PageContextImpl.execute(PageContextImpl.java:2179):2179
	at railo.runtime.engine.CFMLEngineImpl.serviceCFML(CFMLEngineImpl.java:331):331
	at railo.loader.servlet.CFMLServlet.service(CFMLServlet.java:29):29
	at javax.servlet.http.HttpServlet.service(HttpServlet.java:728):728
	at org.apache.catalina.core.ApplicationFilterChain.internalDoFilter(ApplicationFilterChain.java:305):305
	at org.apache.catalina.core.ApplicationFilterChain.doFilter(ApplicationFilterChain.java:210):210
	at org.apache.catalina.core.StandardWrapperValve.invoke(StandardWrapperValve.java:222):222
	at org.apache.catalina.core.StandardContextValve.invoke(StandardContextValve.java:123):123
	at org.apache.catalina.authenticator.AuthenticatorBase.invoke(AuthenticatorBase.java:472):472
	at org.apache.catalina.core.StandardHostValve.invoke(StandardHostValve.java:171):171
	at org.apache.catalina.valves.ErrorReportValve.invoke(ErrorReportValve.java:99):99
	at org.apache.catalina.core.StandardEngineValve.invoke(StandardEngineValve.java:118):118
	at org.apache.catalina.connector.CoyoteAdapter.service(CoyoteAdapter.java:407):407
	at org.apache.coyote.ajp.AjpProcessor.process(AjpProcessor.java:200):200
	at org.apache.coyote.AbstractProtocol$AbstractConnectionHandler.process(AbstractProtocol.java:589):589
	at org.apache.tomcat.util.net.JIoEndpoint$SocketProcessor.run(JIoEndpoint.java:310):310
	at java.util.concurrent.ThreadPoolExecutor.runWorker(Unknown Source):-1
	at java.util.concurrent.ThreadPoolExecutor$Worker.run(Unknown Source):-1
	at java.lang.Thread.run(Unknown Source):-1
"
"ERROR","ajp-bio-8009-exec-2","03/03/2015","16:14:45","",";Syntax Error, Invalid Construct
at position 1 in [<!DOCTYPE html>
<htm ...];Syntax Error, Invalid Construct
	at railo.runtime.interpreter.CFMLExpressionInterpreter.checker(CFMLExpressionInterpreter.java:1012):1012
	at railo.runtime.interpreter.CFMLExpressionInterpreter.clip(CFMLExpressionInterpreter.java:948):948
	at railo.runtime.interpreter.CFMLExpressionInterpreter.negateMinusOp(CFMLExpressionInterpreter.java:936):936
	at railo.runtime.interpreter.CFMLExpressionInterpreter.unaryOp(CFMLExpressionInterpreter.java:889):889
	at railo.runtime.interpreter.CFMLExpressionInterpreter.expoOp(CFMLExpressionInterpreter.java:878):878
	at railo.runtime.interpreter.CFMLExpressionInterpreter.divMultiOp(CFMLExpressionInterpreter.java:838):838
	at railo.runtime.interpreter.CFMLExpressionInterpreter.modOp(CFMLExpressionInterpreter.java:818):818
	at railo.runtime.interpreter.CFMLExpressionInterpreter.plusMinusOp(CFMLExpressionInterpreter.java:661):661
	at railo.runtime.interpreter.CFMLExpressionInterpreter.concatOp(CFMLExpressionInterpreter.java:641):641
	at railo.runtime.interpreter.CFMLExpressionInterpreter.decsionOp(CFMLExpressionInterpreter.java:442):442
	at railo.runtime.interpreter.CFMLExpressionInterpreter.notOp(CFMLExpressionInterpreter.java:427):427
	at railo.runtime.interpreter.CFMLExpressionInterpreter.andOp(CFMLExpressionInterpreter.java:398):398
	at railo.runtime.interpreter.CFMLExpressionInterpreter.orOp(CFMLExpressionInterpreter.java:380):380
	at railo.runtime.interpreter.CFMLExpressionInterpreter.xorOp(CFMLExpressionInterpreter.java:362):362
	at railo.runtime.interpreter.CFMLExpressionInterpreter.eqvOp(CFMLExpressionInterpreter.java:345):345
	at railo.runtime.interpreter.CFMLExpressionInterpreter.impOp(CFMLExpressionInterpreter.java:328):328
	at railo.runtime.interpreter.CFMLExpressionInterpreter.contOp(CFMLExpressionInterpreter.java:294):294
	at railo.runtime.interpreter.CFMLExpressionInterpreter.assignOp(CFMLExpressionInterpreter.java:278):278
	at railo.runtime.interpreter.CFMLExpressionInterpreter.interpret(CFMLExpressionInterpreter.java:194):194
	at railo.runtime.interpreter.CFMLExpressionInterpreter.interpret(CFMLExpressionInterpreter.java:171):171
	at railo.runtime.functions.conversion.DeserializeJSON.call(DeserializeJSON.java:33):33
	at railo.runtime.functions.conversion.DeserializeJSON.call(DeserializeJSON.java:30):30
	at imgdetail_cfm$cf.call(C:\inetpub\kTimelineApp\imgDetail.cfm:12):12
	at railo.runtime.PageContextImpl.doInclude(PageContextImpl.java:909):909
	at railo.runtime.PageContextImpl.doInclude(PageContextImpl.java:861):861
	at railo.runtime.listener.ModernAppListener._onRequest(ModernAppListener.java:206):206
	at railo.runtime.listener.ModernAppListener.onRequest(ModernAppListener.java:84):84
	at railo.runtime.PageContextImpl.execute(PageContextImpl.java:2212):2212
	at railo.runtime.PageContextImpl.execute(PageContextImpl.java:2179):2179
	at railo.runtime.engine.CFMLEngineImpl.serviceCFML(CFMLEngineImpl.java:331):331
	at railo.loader.servlet.CFMLServlet.service(CFMLServlet.java:29):29
	at javax.servlet.http.HttpServlet.service(HttpServlet.java:728):728
	at org.apache.catalina.core.ApplicationFilterChain.internalDoFilter(ApplicationFilterChain.java:305):305
	at org.apache.catalina.core.ApplicationFilterChain.doFilter(ApplicationFilterChain.java:210):210
	at org.apache.catalina.core.StandardWrapperValve.invoke(StandardWrapperValve.java:222):222
	at org.apache.catalina.core.StandardContextValve.invoke(StandardContextValve.java:123):123
	at org.apache.catalina.authenticator.AuthenticatorBase.invoke(AuthenticatorBase.java:472):472
	at org.apache.catalina.core.StandardHostValve.invoke(StandardHostValve.java:171):171
	at org.apache.catalina.valves.ErrorReportValve.invoke(ErrorReportValve.java:99):99
	at org.apache.catalina.core.StandardEngineValve.invoke(StandardEngineValve.java:118):118
	at org.apache.catalina.connector.CoyoteAdapter.service(CoyoteAdapter.java:407):407
	at org.apache.coyote.ajp.AjpProcessor.process(AjpProcessor.java:200):200
	at org.apache.coyote.AbstractProtocol$AbstractConnectionHandler.process(AbstractProtocol.java:589):589
	at org.apache.tomcat.util.net.JIoEndpoint$SocketProcessor.run(JIoEndpoint.java:310):310
	at java.util.concurrent.ThreadPoolExecutor.runWorker(Unknown Source):-1
	at java.util.concurrent.ThreadPoolExecutor$Worker.run(Unknown Source):-1
	at java.lang.Thread.run(Unknown Source):-1
"
"ERROR","ajp-bio-8009-exec-2","03/03/2015","16:16:27","",";Syntax Error, Invalid Construct
at position 1 in [<!DOCTYPE html>
<htm ...];Syntax Error, Invalid Construct
	at railo.runtime.interpreter.CFMLExpressionInterpreter.checker(CFMLExpressionInterpreter.java:1012):1012
	at railo.runtime.interpreter.CFMLExpressionInterpreter.clip(CFMLExpressionInterpreter.java:948):948
	at railo.runtime.interpreter.CFMLExpressionInterpreter.negateMinusOp(CFMLExpressionInterpreter.java:936):936
	at railo.runtime.interpreter.CFMLExpressionInterpreter.unaryOp(CFMLExpressionInterpreter.java:889):889
	at railo.runtime.interpreter.CFMLExpressionInterpreter.expoOp(CFMLExpressionInterpreter.java:878):878
	at railo.runtime.interpreter.CFMLExpressionInterpreter.divMultiOp(CFMLExpressionInterpreter.java:838):838
	at railo.runtime.interpreter.CFMLExpressionInterpreter.modOp(CFMLExpressionInterpreter.java:818):818
	at railo.runtime.interpreter.CFMLExpressionInterpreter.plusMinusOp(CFMLExpressionInterpreter.java:661):661
	at railo.runtime.interpreter.CFMLExpressionInterpreter.concatOp(CFMLExpressionInterpreter.java:641):641
	at railo.runtime.interpreter.CFMLExpressionInterpreter.decsionOp(CFMLExpressionInterpreter.java:442):442
	at railo.runtime.interpreter.CFMLExpressionInterpreter.notOp(CFMLExpressionInterpreter.java:427):427
	at railo.runtime.interpreter.CFMLExpressionInterpreter.andOp(CFMLExpressionInterpreter.java:398):398
	at railo.runtime.interpreter.CFMLExpressionInterpreter.orOp(CFMLExpressionInterpreter.java:380):380
	at railo.runtime.interpreter.CFMLExpressionInterpreter.xorOp(CFMLExpressionInterpreter.java:362):362
	at railo.runtime.interpreter.CFMLExpressionInterpreter.eqvOp(CFMLExpressionInterpreter.java:345):345
	at railo.runtime.interpreter.CFMLExpressionInterpreter.impOp(CFMLExpressionInterpreter.java:328):328
	at railo.runtime.interpreter.CFMLExpressionInterpreter.contOp(CFMLExpressionInterpreter.java:294):294
	at railo.runtime.interpreter.CFMLExpressionInterpreter.assignOp(CFMLExpressionInterpreter.java:278):278
	at railo.runtime.interpreter.CFMLExpressionInterpreter.interpret(CFMLExpressionInterpreter.java:194):194
	at railo.runtime.interpreter.CFMLExpressionInterpreter.interpret(CFMLExpressionInterpreter.java:171):171
	at railo.runtime.functions.conversion.DeserializeJSON.call(DeserializeJSON.java:33):33
	at railo.runtime.functions.conversion.DeserializeJSON.call(DeserializeJSON.java:30):30
	at imgdetail_cfm$cf.call(C:\inetpub\kTimelineApp\imgDetail.cfm:12):12
	at railo.runtime.PageContextImpl.doInclude(PageContextImpl.java:909):909
	at railo.runtime.PageContextImpl.doInclude(PageContextImpl.java:861):861
	at railo.runtime.listener.ModernAppListener._onRequest(ModernAppListener.java:206):206
	at railo.runtime.listener.ModernAppListener.onRequest(ModernAppListener.java:84):84
	at railo.runtime.PageContextImpl.execute(PageContextImpl.java:2212):2212
	at railo.runtime.PageContextImpl.execute(PageContextImpl.java:2179):2179
	at railo.runtime.engine.CFMLEngineImpl.serviceCFML(CFMLEngineImpl.java:331):331
	at railo.loader.servlet.CFMLServlet.service(CFMLServlet.java:29):29
	at javax.servlet.http.HttpServlet.service(HttpServlet.java:728):728
	at org.apache.catalina.core.ApplicationFilterChain.internalDoFilter(ApplicationFilterChain.java:305):305
	at org.apache.catalina.core.ApplicationFilterChain.doFilter(ApplicationFilterChain.java:210):210
	at org.apache.catalina.core.StandardWrapperValve.invoke(StandardWrapperValve.java:222):222
	at org.apache.catalina.core.StandardContextValve.invoke(StandardContextValve.java:123):123
	at org.apache.catalina.authenticator.AuthenticatorBase.invoke(AuthenticatorBase.java:472):472
	at org.apache.catalina.core.StandardHostValve.invoke(StandardHostValve.java:171):171
	at org.apache.catalina.valves.ErrorReportValve.invoke(ErrorReportValve.java:99):99
	at org.apache.catalina.core.StandardEngineValve.invoke(StandardEngineValve.java:118):118
	at org.apache.catalina.connector.CoyoteAdapter.service(CoyoteAdapter.java:407):407
	at org.apache.coyote.ajp.AjpProcessor.process(AjpProcessor.java:200):200
	at org.apache.coyote.AbstractProtocol$AbstractConnectionHandler.process(AbstractProtocol.java:589):589
	at org.apache.tomcat.util.net.JIoEndpoint$SocketProcessor.run(JIoEndpoint.java:310):310
	at java.util.concurrent.ThreadPoolExecutor.runWorker(Unknown Source):-1
	at java.util.concurrent.ThreadPoolExecutor$Worker.run(Unknown Source):-1
	at java.lang.Thread.run(Unknown Source):-1
"
"ERROR","ajp-bio-8009-exec-2","03/03/2015","16:16:34","",";Syntax Error, Invalid Construct
at position 1 in [<html><body><h1>503  ...];Syntax Error, Invalid Construct
	at railo.runtime.interpreter.CFMLExpressionInterpreter.checker(CFMLExpressionInterpreter.java:1012):1012
	at railo.runtime.interpreter.CFMLExpressionInterpreter.clip(CFMLExpressionInterpreter.java:948):948
	at railo.runtime.interpreter.CFMLExpressionInterpreter.negateMinusOp(CFMLExpressionInterpreter.java:936):936
	at railo.runtime.interpreter.CFMLExpressionInterpreter.unaryOp(CFMLExpressionInterpreter.java:889):889
	at railo.runtime.interpreter.CFMLExpressionInterpreter.expoOp(CFMLExpressionInterpreter.java:878):878
	at railo.runtime.interpreter.CFMLExpressionInterpreter.divMultiOp(CFMLExpressionInterpreter.java:838):838
	at railo.runtime.interpreter.CFMLExpressionInterpreter.modOp(CFMLExpressionInterpreter.java:818):818
	at railo.runtime.interpreter.CFMLExpressionInterpreter.plusMinusOp(CFMLExpressionInterpreter.java:661):661
	at railo.runtime.interpreter.CFMLExpressionInterpreter.concatOp(CFMLExpressionInterpreter.java:641):641
	at railo.runtime.interpreter.CFMLExpressionInterpreter.decsionOp(CFMLExpressionInterpreter.java:442):442
	at railo.runtime.interpreter.CFMLExpressionInterpreter.notOp(CFMLExpressionInterpreter.java:427):427
	at railo.runtime.interpreter.CFMLExpressionInterpreter.andOp(CFMLExpressionInterpreter.java:398):398
	at railo.runtime.interpreter.CFMLExpressionInterpreter.orOp(CFMLExpressionInterpreter.java:380):380
	at railo.runtime.interpreter.CFMLExpressionInterpreter.xorOp(CFMLExpressionInterpreter.java:362):362
	at railo.runtime.interpreter.CFMLExpressionInterpreter.eqvOp(CFMLExpressionInterpreter.java:345):345
	at railo.runtime.interpreter.CFMLExpressionInterpreter.impOp(CFMLExpressionInterpreter.java:328):328
	at railo.runtime.interpreter.CFMLExpressionInterpreter.contOp(CFMLExpressionInterpreter.java:294):294
	at railo.runtime.interpreter.CFMLExpressionInterpreter.assignOp(CFMLExpressionInterpreter.java:278):278
	at railo.runtime.interpreter.CFMLExpressionInterpreter.interpret(CFMLExpressionInterpreter.java:194):194
	at railo.runtime.interpreter.CFMLExpressionInterpreter.interpret(CFMLExpressionInterpreter.java:171):171
	at railo.runtime.functions.conversion.DeserializeJSON.call(DeserializeJSON.java:33):33
	at railo.runtime.functions.conversion.DeserializeJSON.call(DeserializeJSON.java:30):30
	at userfeed_cfm$cf.call(C:\inetpub\kTimelineApp\userFeed.cfm:98):98
	at railo.runtime.PageContextImpl.doInclude(PageContextImpl.java:909):909
	at railo.runtime.PageContextImpl.doInclude(PageContextImpl.java:861):861
	at railo.runtime.listener.ModernAppListener._onRequest(ModernAppListener.java:206):206
	at railo.runtime.listener.ModernAppListener.onRequest(ModernAppListener.java:84):84
	at railo.runtime.PageContextImpl.execute(PageContextImpl.java:2212):2212
	at railo.runtime.PageContextImpl.execute(PageContextImpl.java:2179):2179
	at railo.runtime.engine.CFMLEngineImpl.serviceCFML(CFMLEngineImpl.java:331):331
	at railo.loader.servlet.CFMLServlet.service(CFMLServlet.java:29):29
	at javax.servlet.http.HttpServlet.service(HttpServlet.java:728):728
	at org.apache.catalina.core.ApplicationFilterChain.internalDoFilter(ApplicationFilterChain.java:305):305
	at org.apache.catalina.core.ApplicationFilterChain.doFilter(ApplicationFilterChain.java:210):210
	at org.apache.catalina.core.StandardWrapperValve.invoke(StandardWrapperValve.java:222):222
	at org.apache.catalina.core.StandardContextValve.invoke(StandardContextValve.java:123):123
	at org.apache.catalina.authenticator.AuthenticatorBase.invoke(AuthenticatorBase.java:472):472
	at org.apache.catalina.core.StandardHostValve.invoke(StandardHostValve.java:171):171
	at org.apache.catalina.valves.ErrorReportValve.invoke(ErrorReportValve.java:99):99
	at org.apache.catalina.core.StandardEngineValve.invoke(StandardEngineValve.java:118):118
	at org.apache.catalina.connector.CoyoteAdapter.service(CoyoteAdapter.java:407):407
	at org.apache.coyote.ajp.AjpProcessor.process(AjpProcessor.java:200):200
	at org.apache.coyote.AbstractProtocol$AbstractConnectionHandler.process(AbstractProtocol.java:589):589
	at org.apache.tomcat.util.net.JIoEndpoint$SocketProcessor.run(JIoEndpoint.java:310):310
	at java.util.concurrent.ThreadPoolExecutor.runWorker(Unknown Source):-1
	at java.util.concurrent.ThreadPoolExecutor$Worker.run(Unknown Source):-1
	at java.lang.Thread.run(Unknown Source):-1
"
"ERROR","ajp-bio-8009-exec-2","03/03/2015","16:17:03","",";Syntax Error, Invalid Construct
at position 1 in [<!DOCTYPE html>
<htm ...];Syntax Error, Invalid Construct
	at railo.runtime.interpreter.CFMLExpressionInterpreter.checker(CFMLExpressionInterpreter.java:1012):1012
	at railo.runtime.interpreter.CFMLExpressionInterpreter.clip(CFMLExpressionInterpreter.java:948):948
	at railo.runtime.interpreter.CFMLExpressionInterpreter.negateMinusOp(CFMLExpressionInterpreter.java:936):936
	at railo.runtime.interpreter.CFMLExpressionInterpreter.unaryOp(CFMLExpressionInterpreter.java:889):889
	at railo.runtime.interpreter.CFMLExpressionInterpreter.expoOp(CFMLExpressionInterpreter.java:878):878
	at railo.runtime.interpreter.CFMLExpressionInterpreter.divMultiOp(CFMLExpressionInterpreter.java:838):838
	at railo.runtime.interpreter.CFMLExpressionInterpreter.modOp(CFMLExpressionInterpreter.java:818):818
	at railo.runtime.interpreter.CFMLExpressionInterpreter.plusMinusOp(CFMLExpressionInterpreter.java:661):661
	at railo.runtime.interpreter.CFMLExpressionInterpreter.concatOp(CFMLExpressionInterpreter.java:641):641
	at railo.runtime.interpreter.CFMLExpressionInterpreter.decsionOp(CFMLExpressionInterpreter.java:442):442
	at railo.runtime.interpreter.CFMLExpressionInterpreter.notOp(CFMLExpressionInterpreter.java:427):427
	at railo.runtime.interpreter.CFMLExpressionInterpreter.andOp(CFMLExpressionInterpreter.java:398):398
	at railo.runtime.interpreter.CFMLExpressionInterpreter.orOp(CFMLExpressionInterpreter.java:380):380
	at railo.runtime.interpreter.CFMLExpressionInterpreter.xorOp(CFMLExpressionInterpreter.java:362):362
	at railo.runtime.interpreter.CFMLExpressionInterpreter.eqvOp(CFMLExpressionInterpreter.java:345):345
	at railo.runtime.interpreter.CFMLExpressionInterpreter.impOp(CFMLExpressionInterpreter.java:328):328
	at railo.runtime.interpreter.CFMLExpressionInterpreter.contOp(CFMLExpressionInterpreter.java:294):294
	at railo.runtime.interpreter.CFMLExpressionInterpreter.assignOp(CFMLExpressionInterpreter.java:278):278
	at railo.runtime.interpreter.CFMLExpressionInterpreter.interpret(CFMLExpressionInterpreter.java:194):194
	at railo.runtime.interpreter.CFMLExpressionInterpreter.interpret(CFMLExpressionInterpreter.java:171):171
	at railo.runtime.functions.conversion.DeserializeJSON.call(DeserializeJSON.java:33):33
	at railo.runtime.functions.conversion.DeserializeJSON.call(DeserializeJSON.java:30):30
	at userfeed_cfm$cf.call(C:\inetpub\kTimelineApp\userFeed.cfm:98):98
	at railo.runtime.PageContextImpl.doInclude(PageContextImpl.java:909):909
	at railo.runtime.PageContextImpl.doInclude(PageContextImpl.java:861):861
	at railo.runtime.listener.ModernAppListener._onRequest(ModernAppListener.java:206):206
	at railo.runtime.listener.ModernAppListener.onRequest(ModernAppListener.java:84):84
	at railo.runtime.PageContextImpl.execute(PageContextImpl.java:2212):2212
	at railo.runtime.PageContextImpl.execute(PageContextImpl.java:2179):2179
	at railo.runtime.engine.CFMLEngineImpl.serviceCFML(CFMLEngineImpl.java:331):331
	at railo.loader.servlet.CFMLServlet.service(CFMLServlet.java:29):29
	at javax.servlet.http.HttpServlet.service(HttpServlet.java:728):728
	at org.apache.catalina.core.ApplicationFilterChain.internalDoFilter(ApplicationFilterChain.java:305):305
	at org.apache.catalina.core.ApplicationFilterChain.doFilter(ApplicationFilterChain.java:210):210
	at org.apache.catalina.core.StandardWrapperValve.invoke(StandardWrapperValve.java:222):222
	at org.apache.catalina.core.StandardContextValve.invoke(StandardContextValve.java:123):123
	at org.apache.catalina.authenticator.AuthenticatorBase.invoke(AuthenticatorBase.java:472):472
	at org.apache.catalina.core.StandardHostValve.invoke(StandardHostValve.java:171):171
	at org.apache.catalina.valves.ErrorReportValve.invoke(ErrorReportValve.java:99):99
	at org.apache.catalina.core.StandardEngineValve.invoke(StandardEngineValve.java:118):118
	at org.apache.catalina.connector.CoyoteAdapter.service(CoyoteAdapter.java:407):407
	at org.apache.coyote.ajp.AjpProcessor.process(AjpProcessor.java:200):200
	at org.apache.coyote.AbstractProtocol$AbstractConnectionHandler.process(AbstractProtocol.java:589):589
	at org.apache.tomcat.util.net.JIoEndpoint$SocketProcessor.run(JIoEndpoint.java:310):310
	at java.util.concurrent.ThreadPoolExecutor.runWorker(Unknown Source):-1
	at java.util.concurrent.ThreadPoolExecutor$Worker.run(Unknown Source):-1
	at java.lang.Thread.run(Unknown Source):-1
"
"ERROR","ajp-bio-8009-exec-2","03/03/2015","16:19:58","",";Syntax Error, Invalid Construct
at position 1 in [<html><body><h1>503  ...];Syntax Error, Invalid Construct
	at railo.runtime.interpreter.CFMLExpressionInterpreter.checker(CFMLExpressionInterpreter.java:1012):1012
	at railo.runtime.interpreter.CFMLExpressionInterpreter.clip(CFMLExpressionInterpreter.java:948):948
	at railo.runtime.interpreter.CFMLExpressionInterpreter.negateMinusOp(CFMLExpressionInterpreter.java:936):936
	at railo.runtime.interpreter.CFMLExpressionInterpreter.unaryOp(CFMLExpressionInterpreter.java:889):889
	at railo.runtime.interpreter.CFMLExpressionInterpreter.expoOp(CFMLExpressionInterpreter.java:878):878
	at railo.runtime.interpreter.CFMLExpressionInterpreter.divMultiOp(CFMLExpressionInterpreter.java:838):838
	at railo.runtime.interpreter.CFMLExpressionInterpreter.modOp(CFMLExpressionInterpreter.java:818):818
	at railo.runtime.interpreter.CFMLExpressionInterpreter.plusMinusOp(CFMLExpressionInterpreter.java:661):661
	at railo.runtime.interpreter.CFMLExpressionInterpreter.concatOp(CFMLExpressionInterpreter.java:641):641
	at railo.runtime.interpreter.CFMLExpressionInterpreter.decsionOp(CFMLExpressionInterpreter.java:442):442
	at railo.runtime.interpreter.CFMLExpressionInterpreter.notOp(CFMLExpressionInterpreter.java:427):427
	at railo.runtime.interpreter.CFMLExpressionInterpreter.andOp(CFMLExpressionInterpreter.java:398):398
	at railo.runtime.interpreter.CFMLExpressionInterpreter.orOp(CFMLExpressionInterpreter.java:380):380
	at railo.runtime.interpreter.CFMLExpressionInterpreter.xorOp(CFMLExpressionInterpreter.java:362):362
	at railo.runtime.interpreter.CFMLExpressionInterpreter.eqvOp(CFMLExpressionInterpreter.java:345):345
	at railo.runtime.interpreter.CFMLExpressionInterpreter.impOp(CFMLExpressionInterpreter.java:328):328
	at railo.runtime.interpreter.CFMLExpressionInterpreter.contOp(CFMLExpressionInterpreter.java:294):294
	at railo.runtime.interpreter.CFMLExpressionInterpreter.assignOp(CFMLExpressionInterpreter.java:278):278
	at railo.runtime.interpreter.CFMLExpressionInterpreter.interpret(CFMLExpressionInterpreter.java:194):194
	at railo.runtime.interpreter.CFMLExpressionInterpreter.interpret(CFMLExpressionInterpreter.java:171):171
	at railo.runtime.functions.conversion.DeserializeJSON.call(DeserializeJSON.java:33):33
	at railo.runtime.functions.conversion.DeserializeJSON.call(DeserializeJSON.java:30):30
	at userfeed_cfm$cf.call(C:\inetpub\kTimelineApp\userFeed.cfm:122):122
	at railo.runtime.PageContextImpl.doInclude(PageContextImpl.java:909):909
	at railo.runtime.PageContextImpl.doInclude(PageContextImpl.java:861):861
	at railo.runtime.listener.ModernAppListener._onRequest(ModernAppListener.java:206):206
	at railo.runtime.listener.ModernAppListener.onRequest(ModernAppListener.java:84):84
	at railo.runtime.PageContextImpl.execute(PageContextImpl.java:2212):2212
	at railo.runtime.PageContextImpl.execute(PageContextImpl.java:2179):2179
	at railo.runtime.engine.CFMLEngineImpl.serviceCFML(CFMLEngineImpl.java:331):331
	at railo.loader.servlet.CFMLServlet.service(CFMLServlet.java:29):29
	at javax.servlet.http.HttpServlet.service(HttpServlet.java:728):728
	at org.apache.catalina.core.ApplicationFilterChain.internalDoFilter(ApplicationFilterChain.java:305):305
	at org.apache.catalina.core.ApplicationFilterChain.doFilter(ApplicationFilterChain.java:210):210
	at org.apache.catalina.core.StandardWrapperValve.invoke(StandardWrapperValve.java:222):222
	at org.apache.catalina.core.StandardContextValve.invoke(StandardContextValve.java:123):123
	at org.apache.catalina.authenticator.AuthenticatorBase.invoke(AuthenticatorBase.java:472):472
	at org.apache.catalina.core.StandardHostValve.invoke(StandardHostValve.java:171):171
	at org.apache.catalina.valves.ErrorReportValve.invoke(ErrorReportValve.java:99):99
	at org.apache.catalina.core.StandardEngineValve.invoke(StandardEngineValve.java:118):118
	at org.apache.catalina.connector.CoyoteAdapter.service(CoyoteAdapter.java:407):407
	at org.apache.coyote.ajp.AjpProcessor.process(AjpProcessor.java:200):200
	at org.apache.coyote.AbstractProtocol$AbstractConnectionHandler.process(AbstractProtocol.java:589):589
	at org.apache.tomcat.util.net.JIoEndpoint$SocketProcessor.run(JIoEndpoint.java:310):310
	at java.util.concurrent.ThreadPoolExecutor.runWorker(Unknown Source):-1
	at java.util.concurrent.ThreadPoolExecutor$Worker.run(Unknown Source):-1
	at java.lang.Thread.run(Unknown Source):-1
"
"ERROR","ajp-bio-8009-exec-2","03/03/2015","16:21:24","",";Syntax Error, Invalid Construct
at position 1 in [<!DOCTYPE html>
<htm ...];Syntax Error, Invalid Construct
	at railo.runtime.interpreter.CFMLExpressionInterpreter.checker(CFMLExpressionInterpreter.java:1012):1012
	at railo.runtime.interpreter.CFMLExpressionInterpreter.clip(CFMLExpressionInterpreter.java:948):948
	at railo.runtime.interpreter.CFMLExpressionInterpreter.negateMinusOp(CFMLExpressionInterpreter.java:936):936
	at railo.runtime.interpreter.CFMLExpressionInterpreter.unaryOp(CFMLExpressionInterpreter.java:889):889
	at railo.runtime.interpreter.CFMLExpressionInterpreter.expoOp(CFMLExpressionInterpreter.java:878):878
	at railo.runtime.interpreter.CFMLExpressionInterpreter.divMultiOp(CFMLExpressionInterpreter.java:838):838
	at railo.runtime.interpreter.CFMLExpressionInterpreter.modOp(CFMLExpressionInterpreter.java:818):818
	at railo.runtime.interpreter.CFMLExpressionInterpreter.plusMinusOp(CFMLExpressionInterpreter.java:661):661
	at railo.runtime.interpreter.CFMLExpressionInterpreter.concatOp(CFMLExpressionInterpreter.java:641):641
	at railo.runtime.interpreter.CFMLExpressionInterpreter.decsionOp(CFMLExpressionInterpreter.java:442):442
	at railo.runtime.interpreter.CFMLExpressionInterpreter.notOp(CFMLExpressionInterpreter.java:427):427
	at railo.runtime.interpreter.CFMLExpressionInterpreter.andOp(CFMLExpressionInterpreter.java:398):398
	at railo.runtime.interpreter.CFMLExpressionInterpreter.orOp(CFMLExpressionInterpreter.java:380):380
	at railo.runtime.interpreter.CFMLExpressionInterpreter.xorOp(CFMLExpressionInterpreter.java:362):362
	at railo.runtime.interpreter.CFMLExpressionInterpreter.eqvOp(CFMLExpressionInterpreter.java:345):345
	at railo.runtime.interpreter.CFMLExpressionInterpreter.impOp(CFMLExpressionInterpreter.java:328):328
	at railo.runtime.interpreter.CFMLExpressionInterpreter.contOp(CFMLExpressionInterpreter.java:294):294
	at railo.runtime.interpreter.CFMLExpressionInterpreter.assignOp(CFMLExpressionInterpreter.java:278):278
	at railo.runtime.interpreter.CFMLExpressionInterpreter.interpret(CFMLExpressionInterpreter.java:194):194
	at railo.runtime.interpreter.CFMLExpressionInterpreter.interpret(CFMLExpressionInterpreter.java:171):171
	at railo.runtime.functions.conversion.DeserializeJSON.call(DeserializeJSON.java:33):33
	at railo.runtime.functions.conversion.DeserializeJSON.call(DeserializeJSON.java:30):30
	at userfeed_cfm$cf.call(C:\inetpub\kTimelineApp\userFeed.cfm:98):98
	at railo.runtime.PageContextImpl.doInclude(PageContextImpl.java:909):909
	at railo.runtime.PageContextImpl.doInclude(PageContextImpl.java:861):861
	at railo.runtime.listener.ModernAppListener._onRequest(ModernAppListener.java:206):206
	at railo.runtime.listener.ModernAppListener.onRequest(ModernAppListener.java:84):84
	at railo.runtime.PageContextImpl.execute(PageContextImpl.java:2212):2212
	at railo.runtime.PageContextImpl.execute(PageContextImpl.java:2179):2179
	at railo.runtime.engine.CFMLEngineImpl.serviceCFML(CFMLEngineImpl.java:331):331
	at railo.loader.servlet.CFMLServlet.service(CFMLServlet.java:29):29
	at javax.servlet.http.HttpServlet.service(HttpServlet.java:728):728
	at org.apache.catalina.core.ApplicationFilterChain.internalDoFilter(ApplicationFilterChain.java:305):305
	at org.apache.catalina.core.ApplicationFilterChain.doFilter(ApplicationFilterChain.java:210):210
	at org.apache.catalina.core.StandardWrapperValve.invoke(StandardWrapperValve.java:222):222
	at org.apache.catalina.core.StandardContextValve.invoke(StandardContextValve.java:123):123
	at org.apache.catalina.authenticator.AuthenticatorBase.invoke(AuthenticatorBase.java:472):472
	at org.apache.catalina.core.StandardHostValve.invoke(StandardHostValve.java:171):171
	at org.apache.catalina.valves.ErrorReportValve.invoke(ErrorReportValve.java:99):99
	at org.apache.catalina.core.StandardEngineValve.invoke(StandardEngineValve.java:118):118
	at org.apache.catalina.connector.CoyoteAdapter.service(CoyoteAdapter.java:407):407
	at org.apache.coyote.ajp.AjpProcessor.process(AjpProcessor.java:200):200
	at org.apache.coyote.AbstractProtocol$AbstractConnectionHandler.process(AbstractProtocol.java:589):589
	at org.apache.tomcat.util.net.JIoEndpoint$SocketProcessor.run(JIoEndpoint.java:310):310
	at java.util.concurrent.ThreadPoolExecutor.runWorker(Unknown Source):-1
	at java.util.concurrent.ThreadPoolExecutor$Worker.run(Unknown Source):-1
	at java.lang.Thread.run(Unknown Source):-1
"
"ERROR","ajp-bio-8009-exec-3","03/03/2015","20:03:29","",";key [INSTAACCESSCODE] doesn't exist;key [INSTAACCESSCODE] doesn't exist
	at railo.runtime.type.util.StructSupport.invalidKey(StructSupport.java:48):48
	at railo.runtime.type.StructImpl.get(StructImpl.java:102):102
	at userfeed_cfm$cf.call(C:\inetpub\kTimelineApp\userFeed.cfm:8):8
	at railo.runtime.PageContextImpl.doInclude(PageContextImpl.java:909):909
	at railo.runtime.PageContextImpl.doInclude(PageContextImpl.java:861):861
	at railo.runtime.listener.ModernAppListener._onRequest(ModernAppListener.java:206):206
	at railo.runtime.listener.ModernAppListener.onRequest(ModernAppListener.java:84):84
	at railo.runtime.PageContextImpl.execute(PageContextImpl.java:2212):2212
	at railo.runtime.PageContextImpl.execute(PageContextImpl.java:2179):2179
	at railo.runtime.engine.CFMLEngineImpl.serviceCFML(CFMLEngineImpl.java:331):331
	at railo.loader.servlet.CFMLServlet.service(CFMLServlet.java:29):29
	at javax.servlet.http.HttpServlet.service(HttpServlet.java:728):728
	at org.apache.catalina.core.ApplicationFilterChain.internalDoFilter(ApplicationFilterChain.java:305):305
	at org.apache.catalina.core.ApplicationFilterChain.doFilter(ApplicationFilterChain.java:210):210
	at org.apache.catalina.core.StandardWrapperValve.invoke(StandardWrapperValve.java:222):222
	at org.apache.catalina.core.StandardContextValve.invoke(StandardContextValve.java:123):123
	at org.apache.catalina.authenticator.AuthenticatorBase.invoke(AuthenticatorBase.java:472):472
	at org.apache.catalina.core.StandardHostValve.invoke(StandardHostValve.java:171):171
	at org.apache.catalina.valves.ErrorReportValve.invoke(ErrorReportValve.java:99):99
	at org.apache.catalina.core.StandardEngineValve.invoke(StandardEngineValve.java:118):118
	at org.apache.catalina.connector.CoyoteAdapter.service(CoyoteAdapter.java:407):407
	at org.apache.coyote.ajp.AjpProcessor.process(AjpProcessor.java:200):200
	at org.apache.coyote.AbstractProtocol$AbstractConnectionHandler.process(AbstractProtocol.java:589):589
	at org.apache.tomcat.util.net.JIoEndpoint$SocketProcessor.run(JIoEndpoint.java:310):310
	at java.util.concurrent.ThreadPoolExecutor.runWorker(Unknown Source):-1
	at java.util.concurrent.ThreadPoolExecutor$Worker.run(Unknown Source):-1
	at java.lang.Thread.run(Unknown Source):-1
"
"ERROR","ajp-bio-8009-exec-3","03/03/2015","20:03:30","",";key [INSTAACCESSCODE] doesn't exist;key [INSTAACCESSCODE] doesn't exist
	at railo.runtime.type.util.StructSupport.invalidKey(StructSupport.java:48):48
	at railo.runtime.type.StructImpl.get(StructImpl.java:102):102
	at userfeed_cfm$cf.call(C:\inetpub\kTimelineApp\userFeed.cfm:8):8
	at railo.runtime.PageContextImpl.doInclude(PageContextImpl.java:909):909
	at railo.runtime.PageContextImpl.doInclude(PageContextImpl.java:861):861
	at railo.runtime.listener.ModernAppListener._onRequest(ModernAppListener.java:206):206
	at railo.runtime.listener.ModernAppListener.onRequest(ModernAppListener.java:84):84
	at railo.runtime.PageContextImpl.execute(PageContextImpl.java:2212):2212
	at railo.runtime.PageContextImpl.execute(PageContextImpl.java:2179):2179
	at railo.runtime.engine.CFMLEngineImpl.serviceCFML(CFMLEngineImpl.java:331):331
	at railo.loader.servlet.CFMLServlet.service(CFMLServlet.java:29):29
	at javax.servlet.http.HttpServlet.service(HttpServlet.java:728):728
	at org.apache.catalina.core.ApplicationFilterChain.internalDoFilter(ApplicationFilterChain.java:305):305
	at org.apache.catalina.core.ApplicationFilterChain.doFilter(ApplicationFilterChain.java:210):210
	at org.apache.catalina.core.StandardWrapperValve.invoke(StandardWrapperValve.java:222):222
	at org.apache.catalina.core.StandardContextValve.invoke(StandardContextValve.java:123):123
	at org.apache.catalina.authenticator.AuthenticatorBase.invoke(AuthenticatorBase.java:472):472
	at org.apache.catalina.core.StandardHostValve.invoke(StandardHostValve.java:171):171
	at org.apache.catalina.valves.ErrorReportValve.invoke(ErrorReportValve.java:99):99
	at org.apache.catalina.core.StandardEngineValve.invoke(StandardEngineValve.java:118):118
	at org.apache.catalina.connector.CoyoteAdapter.service(CoyoteAdapter.java:407):407
	at org.apache.coyote.ajp.AjpProcessor.process(AjpProcessor.java:200):200
	at org.apache.coyote.AbstractProtocol$AbstractConnectionHandler.process(AbstractProtocol.java:589):589
	at org.apache.tomcat.util.net.JIoEndpoint$SocketProcessor.run(JIoEndpoint.java:310):310
	at java.util.concurrent.ThreadPoolExecutor.runWorker(Unknown Source):-1
	at java.util.concurrent.ThreadPoolExecutor$Worker.run(Unknown Source):-1
	at java.lang.Thread.run(Unknown Source):-1
"
"ERROR","ajp-bio-8009-exec-3","03/03/2015","20:36:49","",";key [PROFILE_PICTURE] doesn't exist;key [PROFILE_PICTURE] doesn't exist
	at railo.runtime.type.util.StructSupport.invalidKey(StructSupport.java:48):48
	at railo.runtime.type.StructImpl.get(StructImpl.java:102):102
	at railo.runtime.type.util.StructSupport.get(StructSupport.java:219):219
	at railo.runtime.util.VariableUtilImpl.get(VariableUtilImpl.java:237):237
	at railo.runtime.PageContextImpl.get(PageContextImpl.java:1393):1393
	at comments_cfm$cf.call(C:\inetpub\kTimelineApp\comments.cfm:76):76
	at railo.runtime.PageContextImpl.doInclude(PageContextImpl.java:909):909
	at railo.runtime.PageContextImpl.doInclude(PageContextImpl.java:861):861
	at railo.runtime.listener.ModernAppListener._onRequest(ModernAppListener.java:206):206
	at railo.runtime.listener.ModernAppListener.onRequest(ModernAppListener.java:84):84
	at railo.runtime.PageContextImpl.execute(PageContextImpl.java:2212):2212
	at railo.runtime.PageContextImpl.execute(PageContextImpl.java:2179):2179
	at railo.runtime.engine.CFMLEngineImpl.serviceCFML(CFMLEngineImpl.java:331):331
	at railo.loader.servlet.CFMLServlet.service(CFMLServlet.java:29):29
	at javax.servlet.http.HttpServlet.service(HttpServlet.java:728):728
	at org.apache.catalina.core.ApplicationFilterChain.internalDoFilter(ApplicationFilterChain.java:305):305
	at org.apache.catalina.core.ApplicationFilterChain.doFilter(ApplicationFilterChain.java:210):210
	at org.apache.catalina.core.StandardWrapperValve.invoke(StandardWrapperValve.java:222):222
	at org.apache.catalina.core.StandardContextValve.invoke(StandardContextValve.java:123):123
	at org.apache.catalina.authenticator.AuthenticatorBase.invoke(AuthenticatorBase.java:472):472
	at org.apache.catalina.core.StandardHostValve.invoke(StandardHostValve.java:171):171
	at org.apache.catalina.valves.ErrorReportValve.invoke(ErrorReportValve.java:99):99
	at org.apache.catalina.core.StandardEngineValve.invoke(StandardEngineValve.java:118):118
	at org.apache.catalina.connector.CoyoteAdapter.service(CoyoteAdapter.java:407):407
	at org.apache.coyote.ajp.AjpProcessor.process(AjpProcessor.java:200):200
	at org.apache.coyote.AbstractProtocol$AbstractConnectionHandler.process(AbstractProtocol.java:589):589
	at org.apache.tomcat.util.net.JIoEndpoint$SocketProcessor.run(JIoEndpoint.java:310):310
	at java.util.concurrent.ThreadPoolExecutor.runWorker(Unknown Source):-1
	at java.util.concurrent.ThreadPoolExecutor$Worker.run(Unknown Source):-1
	at java.lang.Thread.run(Unknown Source):-1
"
"ERROR","ajp-bio-8009-exec-3","03/03/2015","20:37:40","",";key [PROFILE_PICTURE] doesn't exist;key [PROFILE_PICTURE] doesn't exist
	at railo.runtime.type.util.StructSupport.invalidKey(StructSupport.java:48):48
	at railo.runtime.type.StructImpl.get(StructImpl.java:102):102
	at railo.runtime.type.util.StructSupport.get(StructSupport.java:219):219
	at railo.runtime.util.VariableUtilImpl.get(VariableUtilImpl.java:237):237
	at railo.runtime.PageContextImpl.get(PageContextImpl.java:1393):1393
	at comments_cfm$cf.call(C:\inetpub\kTimelineApp\comments.cfm:77):77
	at railo.runtime.PageContextImpl.doInclude(PageContextImpl.java:909):909
	at railo.runtime.PageContextImpl.doInclude(PageContextImpl.java:861):861
	at railo.runtime.listener.ModernAppListener._onRequest(ModernAppListener.java:206):206
	at railo.runtime.listener.ModernAppListener.onRequest(ModernAppListener.java:84):84
	at railo.runtime.PageContextImpl.execute(PageContextImpl.java:2212):2212
	at railo.runtime.PageContextImpl.execute(PageContextImpl.java:2179):2179
	at railo.runtime.engine.CFMLEngineImpl.serviceCFML(CFMLEngineImpl.java:331):331
	at railo.loader.servlet.CFMLServlet.service(CFMLServlet.java:29):29
	at javax.servlet.http.HttpServlet.service(HttpServlet.java:728):728
	at org.apache.catalina.core.ApplicationFilterChain.internalDoFilter(ApplicationFilterChain.java:305):305
	at org.apache.catalina.core.ApplicationFilterChain.doFilter(ApplicationFilterChain.java:210):210
	at org.apache.catalina.core.StandardWrapperValve.invoke(StandardWrapperValve.java:222):222
	at org.apache.catalina.core.StandardContextValve.invoke(StandardContextValve.java:123):123
	at org.apache.catalina.authenticator.AuthenticatorBase.invoke(AuthenticatorBase.java:472):472
	at org.apache.catalina.core.StandardHostValve.invoke(StandardHostValve.java:171):171
	at org.apache.catalina.valves.ErrorReportValve.invoke(ErrorReportValve.java:99):99
	at org.apache.catalina.core.StandardEngineValve.invoke(StandardEngineValve.java:118):118
	at org.apache.catalina.connector.CoyoteAdapter.service(CoyoteAdapter.java:407):407
	at org.apache.coyote.ajp.AjpProcessor.process(AjpProcessor.java:200):200
	at org.apache.coyote.AbstractProtocol$AbstractConnectionHandler.process(AbstractProtocol.java:589):589
	at org.apache.tomcat.util.net.JIoEndpoint$SocketProcessor.run(JIoEndpoint.java:310):310
	at java.util.concurrent.ThreadPoolExecutor.runWorker(Unknown Source):-1
	at java.util.concurrent.ThreadPoolExecutor$Worker.run(Unknown Source):-1
	at java.lang.Thread.run(Unknown Source):-1
"
"ERROR","ajp-bio-8009-exec-6","03/03/2015","22:47:22","",";missing terminating [#] for expression;missing terminating [#] for expression
	at railo.transformer.cfml.tag.CFMLTransformer.literal(CFMLTransformer.java:420):420
	at railo.transformer.cfml.tag.CFMLTransformer.body(CFMLTransformer.java:317):317
	at railo.transformer.cfml.tag.CFMLTransformer.body(CFMLTransformer.java:321):321
	at railo.transformer.cfml.tag.CFMLTransformer.tag(CFMLTransformer.java:633):633
	at railo.transformer.cfml.tag.CFMLTransformer.body(CFMLTransformer.java:313):313
	at railo.transformer.cfml.tag.CFMLTransformer.body(CFMLTransformer.java:321):321
	at railo.transformer.cfml.tag.CFMLTransformer.body(CFMLTransformer.java:321):321
	at railo.transformer.cfml.tag.CFMLTransformer.transform(CFMLTransformer.java:253):253
	at railo.transformer.cfml.tag.CFMLTransformer.transform(CFMLTransformer.java:124):124
	at railo.runtime.compiler.CFMLCompilerImpl.compile(CFMLCompilerImpl.java:55):55
	at railo.runtime.PageSourceImpl._compile(PageSourceImpl.java:309):309
	at railo.runtime.PageSourceImpl.compile(PageSourceImpl.java:283):283
	at railo.runtime.PageSourceImpl.loadPhysical(PageSourceImpl.java:259):259
	at railo.runtime.PageSourceImpl.loadPage(PageSourceImpl.java:166):166
	at railo.runtime.PageSourceImpl.loadPage(PageSourceImpl.java:867):867
	at railo.runtime.PageContextImpl.doInclude(PageContextImpl.java:905):905
	at railo.runtime.PageContextImpl.doInclude(PageContextImpl.java:861):861
	at railo.runtime.listener.ModernAppListener._onRequest(ModernAppListener.java:206):206
	at railo.runtime.listener.ModernAppListener.onRequest(ModernAppListener.java:84):84
	at railo.runtime.PageContextImpl.execute(PageContextImpl.java:2212):2212
	at railo.runtime.PageContextImpl.execute(PageContextImpl.java:2179):2179
	at railo.runtime.engine.CFMLEngineImpl.serviceCFML(CFMLEngineImpl.java:331):331
	at railo.loader.servlet.CFMLServlet.service(CFMLServlet.java:29):29
	at javax.servlet.http.HttpServlet.service(HttpServlet.java:728):728
	at org.apache.catalina.core.ApplicationFilterChain.internalDoFilter(ApplicationFilterChain.java:305):305
	at org.apache.catalina.core.ApplicationFilterChain.doFilter(ApplicationFilterChain.java:210):210
	at org.apache.catalina.core.StandardWrapperValve.invoke(StandardWrapperValve.java:222):222
	at org.apache.catalina.core.StandardContextValve.invoke(StandardContextValve.java:123):123
	at org.apache.catalina.authenticator.AuthenticatorBase.invoke(AuthenticatorBase.java:472):472
	at org.apache.catalina.core.StandardHostValve.invoke(StandardHostValve.java:171):171
	at org.apache.catalina.valves.ErrorReportValve.invoke(ErrorReportValve.java:99):99
	at org.apache.catalina.core.StandardEngineValve.invoke(StandardEngineValve.java:118):118
	at org.apache.catalina.connector.CoyoteAdapter.service(CoyoteAdapter.java:407):407
	at org.apache.coyote.ajp.AjpProcessor.process(AjpProcessor.java:200):200
	at org.apache.coyote.AbstractProtocol$AbstractConnectionHandler.process(AbstractProtocol.java:589):589
	at org.apache.tomcat.util.net.JIoEndpoint$SocketProcessor.run(JIoEndpoint.java:310):310
	at java.util.concurrent.ThreadPoolExecutor.runWorker(Unknown Source):-1
	at java.util.concurrent.ThreadPoolExecutor$Worker.run(Unknown Source):-1
	at java.lang.Thread.run(Unknown Source):-1
"
"ERROR","ajp-bio-8009-exec-6","03/03/2015","22:49:10","",";missing terminating [#] for expression;missing terminating [#] for expression
	at railo.transformer.cfml.tag.CFMLTransformer.literal(CFMLTransformer.java:420):420
	at railo.transformer.cfml.tag.CFMLTransformer.body(CFMLTransformer.java:317):317
	at railo.transformer.cfml.tag.CFMLTransformer.body(CFMLTransformer.java:321):321
	at railo.transformer.cfml.tag.CFMLTransformer.tag(CFMLTransformer.java:633):633
	at railo.transformer.cfml.tag.CFMLTransformer.body(CFMLTransformer.java:313):313
	at railo.transformer.cfml.tag.CFMLTransformer.body(CFMLTransformer.java:321):321
	at railo.transformer.cfml.tag.CFMLTransformer.body(CFMLTransformer.java:321):321
	at railo.transformer.cfml.tag.CFMLTransformer.transform(CFMLTransformer.java:253):253
	at railo.transformer.cfml.tag.CFMLTransformer.transform(CFMLTransformer.java:124):124
	at railo.runtime.compiler.CFMLCompilerImpl.compile(CFMLCompilerImpl.java:55):55
	at railo.runtime.PageSourceImpl._compile(PageSourceImpl.java:309):309
	at railo.runtime.PageSourceImpl.compile(PageSourceImpl.java:283):283
	at railo.runtime.PageSourceImpl.loadPhysical(PageSourceImpl.java:227):227
	at railo.runtime.PageSourceImpl.loadPage(PageSourceImpl.java:166):166
	at railo.runtime.PageSourceImpl.loadPage(PageSourceImpl.java:867):867
	at railo.runtime.PageContextImpl.doInclude(PageContextImpl.java:905):905
	at railo.runtime.PageContextImpl.doInclude(PageContextImpl.java:861):861
	at railo.runtime.listener.ModernAppListener._onRequest(ModernAppListener.java:206):206
	at railo.runtime.listener.ModernAppListener.onRequest(ModernAppListener.java:84):84
	at railo.runtime.PageContextImpl.execute(PageContextImpl.java:2212):2212
	at railo.runtime.PageContextImpl.execute(PageContextImpl.java:2179):2179
	at railo.runtime.engine.CFMLEngineImpl.serviceCFML(CFMLEngineImpl.java:331):331
	at railo.loader.servlet.CFMLServlet.service(CFMLServlet.java:29):29
	at javax.servlet.http.HttpServlet.service(HttpServlet.java:728):728
	at org.apache.catalina.core.ApplicationFilterChain.internalDoFilter(ApplicationFilterChain.java:305):305
	at org.apache.catalina.core.ApplicationFilterChain.doFilter(ApplicationFilterChain.java:210):210
	at org.apache.catalina.core.StandardWrapperValve.invoke(StandardWrapperValve.java:222):222
	at org.apache.catalina.core.StandardContextValve.invoke(StandardContextValve.java:123):123
	at org.apache.catalina.authenticator.AuthenticatorBase.invoke(AuthenticatorBase.java:472):472
	at org.apache.catalina.core.StandardHostValve.invoke(StandardHostValve.java:171):171
	at org.apache.catalina.valves.ErrorReportValve.invoke(ErrorReportValve.java:99):99
	at org.apache.catalina.core.StandardEngineValve.invoke(StandardEngineValve.java:118):118
	at org.apache.catalina.connector.CoyoteAdapter.service(CoyoteAdapter.java:407):407
	at org.apache.coyote.ajp.AjpProcessor.process(AjpProcessor.java:200):200
	at org.apache.coyote.AbstractProtocol$AbstractConnectionHandler.process(AbstractProtocol.java:589):589
	at org.apache.tomcat.util.net.JIoEndpoint$SocketProcessor.run(JIoEndpoint.java:310):310
	at java.util.concurrent.ThreadPoolExecutor.runWorker(Unknown Source):-1
	at java.util.concurrent.ThreadPoolExecutor$Worker.run(Unknown Source):-1
	at java.lang.Thread.run(Unknown Source):-1
"
