"Severity","ThreadID","Date","Time","Application","Message"
"ERROR","Thread-3","03/07/2015","15:50:00","controler","stop thread (3) because run into a timeout path: C:\inetpub\kTimelineApp\userFeed.cfm.;java.lang.Throwable;java.lang.Throwable
	at java.net.SocketInputStream.socketRead0(Native Method)
	at java.net.SocketInputStream.read(Unknown Source)
	at java.net.SocketInputStream.read(Unknown Source)
	at sun.security.ssl.InputRecord.readFully(Unknown Source)
	at sun.security.ssl.InputRecord.read(Unknown Source)
	at sun.security.ssl.SSLSocketImpl.readRecord(Unknown Source)
	at sun.security.ssl.SSLSocketImpl.readDataRecord(Unknown Source)
	at sun.security.ssl.AppInputStream.read(Unknown Source)
	at org.apache.http.impl.io.AbstractSessionInputBuffer.fillBuffer(AbstractSessionInputBuffer.java:149)
	at org.apache.http.impl.io.SocketInputBuffer.fillBuffer(SocketInputBuffer.java:111)
	at org.apache.http.impl.io.AbstractSessionInputBuffer.readLine(AbstractSessionInputBuffer.java:264)
	at org.apache.http.impl.conn.DefaultResponseParser.parseHead(DefaultResponseParser.java:98)
	at org.apache.http.impl.io.AbstractMessageParser.parse(AbstractMessageParser.java:252)
	at org.apache.http.impl.AbstractHttpClientConnection.receiveResponseHeader(AbstractHttpClientConnection.java:282)
	at org.apache.http.impl.conn.DefaultClientConnection.receiveResponseHeader(DefaultClientConnection.java:247)
	at org.apache.http.impl.conn.AbstractClientConnAdapter.receiveResponseHeader(AbstractClientConnAdapter.java:216)
	at org.apache.http.protocol.HttpRequestExecutor.doReceiveResponse(HttpRequestExecutor.java:298)
	at org.apache.http.protocol.HttpRequestExecutor.execute(HttpRequestExecutor.java:125)
	at org.apache.http.impl.client.DefaultRequestDirector.tryExecute(DefaultRequestDirector.java:647)
	at org.apache.http.impl.client.DefaultRequestDirector.execute(DefaultRequestDirector.java:464)
	at org.apache.http.impl.client.AbstractHttpClient.execute(AbstractHttpClient.java:820)
	at org.apache.http.impl.client.AbstractHttpClient.execute(AbstractHttpClient.java:754)
	at railo.runtime.tag.Executor4.execute(Http4.java:1914)
	at railo.runtime.tag.Http4._doEndTag(Http4.java:946)
	at railo.runtime.tag.Http4.doEndTag(Http4.java:591)
	at userfeed_cfm$cf.call(C:\inetpub\kTimelineApp\userFeed.cfm:52)
	at railo.runtime.PageContextImpl.doInclude(PageContextImpl.java:909)
	at railo.runtime.PageContextImpl.doInclude(PageContextImpl.java:861)
	at railo.runtime.listener.ModernAppListener._onRequest(ModernAppListener.java:206)
	at railo.runtime.listener.ModernAppListener.onRequest(ModernAppListener.java:84)
	at railo.runtime.PageContextImpl.execute(PageContextImpl.java:2212)
	at railo.runtime.PageContextImpl.execute(PageContextImpl.java:2179)
	at railo.runtime.engine.CFMLEngineImpl.serviceCFML(CFMLEngineImpl.java:331)
	at railo.loader.servlet.CFMLServlet.service(CFMLServlet.java:29)
	at javax.servlet.http.HttpServlet.service(HttpServlet.java:728)
	at org.apache.catalina.core.ApplicationFilterChain.internalDoFilter(ApplicationFilterChain.java:305)
	at org.apache.catalina.core.ApplicationFilterChain.doFilter(ApplicationFilterChain.java:210)
	at org.apache.catalina.core.StandardWrapperValve.invoke(StandardWrapperValve.java:222)
	at org.apache.catalina.core.StandardContextValve.invoke(StandardContextValve.java:123)
	at org.apache.catalina.authenticator.AuthenticatorBase.invoke(AuthenticatorBase.java:472)
	at org.apache.catalina.core.StandardHostValve.invoke(StandardHostValve.java:171)
	at org.apache.catalina.valves.ErrorReportValve.invoke(ErrorReportValve.java:99)
	at org.apache.catalina.core.StandardEngineValve.invoke(StandardEngineValve.java:118)
	at org.apache.catalina.connector.CoyoteAdapter.service(CoyoteAdapter.java:407)
	at org.apache.coyote.ajp.AjpProcessor.process(AjpProcessor.java:200)
	at org.apache.coyote.AbstractProtocol$AbstractConnectionHandler.process(AbstractProtocol.java:589)
	at org.apache.tomcat.util.net.JIoEndpoint$SocketProcessor.run(JIoEndpoint.java:310)
	at java.util.concurrent.ThreadPoolExecutor.runWorker(Unknown Source)
	at java.util.concurrent.ThreadPoolExecutor$Worker.run(Unknown Source)
	at java.lang.Thread.run(Unknown Source)
"
"ERROR","Thread-3","03/07/2015","16:00:50","controler","stop thread (3) because run into a timeout path: C:\inetpub\kTimelineApp\userFeed.cfm.;java.lang.Throwable;java.lang.Throwable
	at java.net.SocketInputStream.socketRead0(Native Method)
	at java.net.SocketInputStream.read(Unknown Source)
	at java.net.SocketInputStream.read(Unknown Source)
	at sun.security.ssl.InputRecord.readFully(Unknown Source)
	at sun.security.ssl.InputRecord.read(Unknown Source)
	at sun.security.ssl.SSLSocketImpl.readRecord(Unknown Source)
	at sun.security.ssl.SSLSocketImpl.performInitialHandshake(Unknown Source)
	at sun.security.ssl.SSLSocketImpl.startHandshake(Unknown Source)
	at sun.security.ssl.SSLSocketImpl.getSession(Unknown Source)
	at org.apache.http.conn.ssl.AbstractVerifier.verify(AbstractVerifier.java:91)
	at org.apache.http.conn.ssl.SSLSocketFactory.connectSocket(SSLSocketFactory.java:397)
	at org.apache.http.impl.conn.DefaultClientConnectionOperator.openConnection(DefaultClientConnectionOperator.java:148)
	at org.apache.http.impl.conn.AbstractPoolEntry.open(AbstractPoolEntry.java:150)
	at org.apache.http.impl.conn.AbstractPooledConnAdapter.open(AbstractPooledConnAdapter.java:121)
	at org.apache.http.impl.client.DefaultRequestDirector.tryConnect(DefaultRequestDirector.java:575)
	at org.apache.http.impl.client.DefaultRequestDirector.execute(DefaultRequestDirector.java:425)
	at org.apache.http.impl.client.AbstractHttpClient.execute(AbstractHttpClient.java:820)
	at org.apache.http.impl.client.AbstractHttpClient.execute(AbstractHttpClient.java:754)
	at railo.runtime.tag.Executor4.execute(Http4.java:1914)
	at railo.runtime.tag.Http4._doEndTag(Http4.java:946)
	at railo.runtime.tag.Http4.doEndTag(Http4.java:591)
	at userfeed_cfm$cf.call(C:\inetpub\kTimelineApp\userFeed.cfm:52)
	at railo.runtime.PageContextImpl.doInclude(PageContextImpl.java:909)
	at railo.runtime.PageContextImpl.doInclude(PageContextImpl.java:861)
	at railo.runtime.listener.ModernAppListener._onRequest(ModernAppListener.java:206)
	at railo.runtime.listener.ModernAppListener.onRequest(ModernAppListener.java:84)
	at railo.runtime.PageContextImpl.execute(PageContextImpl.java:2212)
	at railo.runtime.PageContextImpl.execute(PageContextImpl.java:2179)
	at railo.runtime.engine.CFMLEngineImpl.serviceCFML(CFMLEngineImpl.java:331)
	at railo.loader.servlet.CFMLServlet.service(CFMLServlet.java:29)
	at javax.servlet.http.HttpServlet.service(HttpServlet.java:728)
	at org.apache.catalina.core.ApplicationFilterChain.internalDoFilter(ApplicationFilterChain.java:305)
	at org.apache.catalina.core.ApplicationFilterChain.doFilter(ApplicationFilterChain.java:210)
	at org.apache.catalina.core.StandardWrapperValve.invoke(StandardWrapperValve.java:222)
	at org.apache.catalina.core.StandardContextValve.invoke(StandardContextValve.java:123)
	at org.apache.catalina.authenticator.AuthenticatorBase.invoke(AuthenticatorBase.java:472)
	at org.apache.catalina.core.StandardHostValve.invoke(StandardHostValve.java:171)
	at org.apache.catalina.valves.ErrorReportValve.invoke(ErrorReportValve.java:99)
	at org.apache.catalina.core.StandardEngineValve.invoke(StandardEngineValve.java:118)
	at org.apache.catalina.connector.CoyoteAdapter.service(CoyoteAdapter.java:407)
	at org.apache.coyote.ajp.AjpProcessor.process(AjpProcessor.java:200)
	at org.apache.coyote.AbstractProtocol$AbstractConnectionHandler.process(AbstractProtocol.java:589)
	at org.apache.tomcat.util.net.JIoEndpoint$SocketProcessor.run(JIoEndpoint.java:310)
	at java.util.concurrent.ThreadPoolExecutor.runWorker(Unknown Source)
	at java.util.concurrent.ThreadPoolExecutor$Worker.run(Unknown Source)
	at java.lang.Thread.run(Unknown Source)
"
"ERROR","Thread-3","03/07/2015","16:44:46","controler","stop thread (3) because run into a timeout path: C:\inetpub\kTimelineApp\imgDetail.cfm.;java.lang.Throwable;java.lang.Throwable
	at java.net.SocketInputStream.socketRead0(Native Method)
	at java.net.SocketInputStream.read(Unknown Source)
	at java.net.SocketInputStream.read(Unknown Source)
	at sun.security.ssl.InputRecord.readFully(Unknown Source)
	at sun.security.ssl.InputRecord.read(Unknown Source)
	at sun.security.ssl.SSLSocketImpl.readRecord(Unknown Source)
	at sun.security.ssl.SSLSocketImpl.readDataRecord(Unknown Source)
	at sun.security.ssl.AppInputStream.read(Unknown Source)
	at org.apache.http.impl.io.AbstractSessionInputBuffer.fillBuffer(AbstractSessionInputBuffer.java:149)
	at org.apache.http.impl.io.SocketInputBuffer.fillBuffer(SocketInputBuffer.java:111)
	at org.apache.http.impl.io.AbstractSessionInputBuffer.readLine(AbstractSessionInputBuffer.java:264)
	at org.apache.http.impl.conn.DefaultResponseParser.parseHead(DefaultResponseParser.java:98)
	at org.apache.http.impl.io.AbstractMessageParser.parse(AbstractMessageParser.java:252)
	at org.apache.http.impl.AbstractHttpClientConnection.receiveResponseHeader(AbstractHttpClientConnection.java:282)
	at org.apache.http.impl.conn.DefaultClientConnection.receiveResponseHeader(DefaultClientConnection.java:247)
	at org.apache.http.impl.conn.AbstractClientConnAdapter.receiveResponseHeader(AbstractClientConnAdapter.java:216)
	at org.apache.http.protocol.HttpRequestExecutor.doReceiveResponse(HttpRequestExecutor.java:298)
	at org.apache.http.protocol.HttpRequestExecutor.execute(HttpRequestExecutor.java:125)
	at org.apache.http.impl.client.DefaultRequestDirector.tryExecute(DefaultRequestDirector.java:647)
	at org.apache.http.impl.client.DefaultRequestDirector.execute(DefaultRequestDirector.java:464)
	at org.apache.http.impl.client.AbstractHttpClient.execute(AbstractHttpClient.java:820)
	at org.apache.http.impl.client.AbstractHttpClient.execute(AbstractHttpClient.java:754)
	at railo.runtime.tag.Executor4.execute(Http4.java:1914)
	at railo.runtime.tag.Http4._doEndTag(Http4.java:946)
	at railo.runtime.tag.Http4.doEndTag(Http4.java:591)
	at imgdetail_cfm$cf.call(C:\inetpub\kTimelineApp\imgDetail.cfm:11)
	at railo.runtime.PageContextImpl.doInclude(PageContextImpl.java:909)
	at railo.runtime.PageContextImpl.doInclude(PageContextImpl.java:861)
	at railo.runtime.listener.ModernAppListener._onRequest(ModernAppListener.java:206)
	at railo.runtime.listener.ModernAppListener.onRequest(ModernAppListener.java:84)
	at railo.runtime.PageContextImpl.execute(PageContextImpl.java:2212)
	at railo.runtime.PageContextImpl.execute(PageContextImpl.java:2179)
	at railo.runtime.engine.CFMLEngineImpl.serviceCFML(CFMLEngineImpl.java:331)
	at railo.loader.servlet.CFMLServlet.service(CFMLServlet.java:29)
	at javax.servlet.http.HttpServlet.service(HttpServlet.java:728)
	at org.apache.catalina.core.ApplicationFilterChain.internalDoFilter(ApplicationFilterChain.java:305)
	at org.apache.catalina.core.ApplicationFilterChain.doFilter(ApplicationFilterChain.java:210)
	at org.apache.catalina.core.StandardWrapperValve.invoke(StandardWrapperValve.java:222)
	at org.apache.catalina.core.StandardContextValve.invoke(StandardContextValve.java:123)
	at org.apache.catalina.authenticator.AuthenticatorBase.invoke(AuthenticatorBase.java:472)
	at org.apache.catalina.core.StandardHostValve.invoke(StandardHostValve.java:171)
	at org.apache.catalina.valves.ErrorReportValve.invoke(ErrorReportValve.java:99)
	at org.apache.catalina.core.StandardEngineValve.invoke(StandardEngineValve.java:118)
	at org.apache.catalina.connector.CoyoteAdapter.service(CoyoteAdapter.java:407)
	at org.apache.coyote.ajp.AjpProcessor.process(AjpProcessor.java:200)
	at org.apache.coyote.AbstractProtocol$AbstractConnectionHandler.process(AbstractProtocol.java:589)
	at org.apache.tomcat.util.net.JIoEndpoint$SocketProcessor.run(JIoEndpoint.java:310)
	at java.util.concurrent.ThreadPoolExecutor.runWorker(Unknown Source)
	at java.util.concurrent.ThreadPoolExecutor$Worker.run(Unknown Source)
	at java.lang.Thread.run(Unknown Source)
"
"ERROR","Thread-3","03/07/2015","16:48:51","controler","stop thread (3) because run into a timeout path: C:\inetpub\kTimelineApp\userFeed.cfm.;java.lang.Throwable;java.lang.Throwable
	at java.net.SocketInputStream.socketRead0(Native Method)
	at java.net.SocketInputStream.read(Unknown Source)
	at java.net.SocketInputStream.read(Unknown Source)
	at sun.security.ssl.InputRecord.readFully(Unknown Source)
	at sun.security.ssl.InputRecord.read(Unknown Source)
	at sun.security.ssl.SSLSocketImpl.readRecord(Unknown Source)
	at sun.security.ssl.SSLSocketImpl.readDataRecord(Unknown Source)
	at sun.security.ssl.AppInputStream.read(Unknown Source)
	at org.apache.http.impl.io.AbstractSessionInputBuffer.fillBuffer(AbstractSessionInputBuffer.java:149)
	at org.apache.http.impl.io.SocketInputBuffer.fillBuffer(SocketInputBuffer.java:111)
	at org.apache.http.impl.io.AbstractSessionInputBuffer.readLine(AbstractSessionInputBuffer.java:264)
	at org.apache.http.impl.conn.DefaultResponseParser.parseHead(DefaultResponseParser.java:98)
	at org.apache.http.impl.io.AbstractMessageParser.parse(AbstractMessageParser.java:252)
	at org.apache.http.impl.AbstractHttpClientConnection.receiveResponseHeader(AbstractHttpClientConnection.java:282)
	at org.apache.http.impl.conn.DefaultClientConnection.receiveResponseHeader(DefaultClientConnection.java:247)
	at org.apache.http.impl.conn.AbstractClientConnAdapter.receiveResponseHeader(AbstractClientConnAdapter.java:216)
	at org.apache.http.protocol.HttpRequestExecutor.doReceiveResponse(HttpRequestExecutor.java:298)
	at org.apache.http.protocol.HttpRequestExecutor.execute(HttpRequestExecutor.java:125)
	at org.apache.http.impl.client.DefaultRequestDirector.tryExecute(DefaultRequestDirector.java:647)
	at org.apache.http.impl.client.DefaultRequestDirector.execute(DefaultRequestDirector.java:464)
	at org.apache.http.impl.client.AbstractHttpClient.execute(AbstractHttpClient.java:820)
	at org.apache.http.impl.client.AbstractHttpClient.execute(AbstractHttpClient.java:754)
	at railo.runtime.tag.Executor4.execute(Http4.java:1914)
	at railo.runtime.tag.Http4._doEndTag(Http4.java:946)
	at railo.runtime.tag.Http4.doEndTag(Http4.java:591)
	at userfeed_cfm$cf.call(C:\inetpub\kTimelineApp\userFeed.cfm:18)
	at railo.runtime.PageContextImpl.doInclude(PageContextImpl.java:909)
	at railo.runtime.PageContextImpl.doInclude(PageContextImpl.java:861)
	at railo.runtime.listener.ModernAppListener._onRequest(ModernAppListener.java:206)
	at railo.runtime.listener.ModernAppListener.onRequest(ModernAppListener.java:84)
	at railo.runtime.PageContextImpl.execute(PageContextImpl.java:2212)
	at railo.runtime.PageContextImpl.execute(PageContextImpl.java:2179)
	at railo.runtime.engine.CFMLEngineImpl.serviceCFML(CFMLEngineImpl.java:331)
	at railo.loader.servlet.CFMLServlet.service(CFMLServlet.java:29)
	at javax.servlet.http.HttpServlet.service(HttpServlet.java:728)
	at org.apache.catalina.core.ApplicationFilterChain.internalDoFilter(ApplicationFilterChain.java:305)
	at org.apache.catalina.core.ApplicationFilterChain.doFilter(ApplicationFilterChain.java:210)
	at org.apache.catalina.core.StandardWrapperValve.invoke(StandardWrapperValve.java:222)
	at org.apache.catalina.core.StandardContextValve.invoke(StandardContextValve.java:123)
	at org.apache.catalina.authenticator.AuthenticatorBase.invoke(AuthenticatorBase.java:472)
	at org.apache.catalina.core.StandardHostValve.invoke(StandardHostValve.java:171)
	at org.apache.catalina.valves.ErrorReportValve.invoke(ErrorReportValve.java:99)
	at org.apache.catalina.core.StandardEngineValve.invoke(StandardEngineValve.java:118)
	at org.apache.catalina.connector.CoyoteAdapter.service(CoyoteAdapter.java:407)
	at org.apache.coyote.ajp.AjpProcessor.process(AjpProcessor.java:200)
	at org.apache.coyote.AbstractProtocol$AbstractConnectionHandler.process(AbstractProtocol.java:589)
	at org.apache.tomcat.util.net.JIoEndpoint$SocketProcessor.run(JIoEndpoint.java:310)
	at java.util.concurrent.ThreadPoolExecutor.runWorker(Unknown Source)
	at java.util.concurrent.ThreadPoolExecutor$Worker.run(Unknown Source)
	at java.lang.Thread.run(Unknown Source)
"
"ERROR","Thread-3","03/07/2015","16:51:11","controler","stop thread (3) because run into a timeout path: C:\inetpub\kTimelineApp\userFeed.cfm.;java.lang.Throwable;java.lang.Throwable
	at java.net.SocketInputStream.socketRead0(Native Method)
	at java.net.SocketInputStream.read(Unknown Source)
	at java.net.SocketInputStream.read(Unknown Source)
	at sun.security.ssl.InputRecord.readFully(Unknown Source)
	at sun.security.ssl.InputRecord.readV3Record(Unknown Source)
	at sun.security.ssl.InputRecord.read(Unknown Source)
	at sun.security.ssl.SSLSocketImpl.readRecord(Unknown Source)
	at sun.security.ssl.SSLSocketImpl.readDataRecord(Unknown Source)
	at sun.security.ssl.AppInputStream.read(Unknown Source)
	at org.apache.http.impl.io.AbstractSessionInputBuffer.fillBuffer(AbstractSessionInputBuffer.java:149)
	at org.apache.http.impl.io.SocketInputBuffer.fillBuffer(SocketInputBuffer.java:111)
	at org.apache.http.impl.io.AbstractSessionInputBuffer.read(AbstractSessionInputBuffer.java:195)
	at org.apache.http.impl.io.ContentLengthInputStream.read(ContentLengthInputStream.java:176)
	at org.apache.http.conn.EofSensorInputStream.read(EofSensorInputStream.java:138)
	at java.util.zip.InflaterInputStream.fill(Unknown Source)
	at java.util.zip.InflaterInputStream.read(Unknown Source)
	at java.util.zip.GZIPInputStream.read(Unknown Source)
	at sun.nio.cs.StreamDecoder.readBytes(Unknown Source)
	at sun.nio.cs.StreamDecoder.implRead(Unknown Source)
	at sun.nio.cs.StreamDecoder.read(Unknown Source)
	at java.io.InputStreamReader.read(Unknown Source)
	at java.io.BufferedReader.read1(Unknown Source)
	at java.io.BufferedReader.read(Unknown Source)
	at java.io.Reader.read(Unknown Source)
	at railo.commons.io.IOUtil.copy(IOUtil.java:308)
	at railo.commons.io.IOUtil.copy(IOUtil.java:276)
	at railo.commons.io.IOUtil.toString(IOUtil.java:646)
	at railo.commons.io.IOUtil.toString(IOUtil.java:619)
	at railo.runtime.tag.Http4._doEndTag(Http4.java:1111)
	at railo.runtime.tag.Http4.doEndTag(Http4.java:591)
	at userfeed_cfm$cf.call(C:\inetpub\kTimelineApp\userFeed.cfm:18)
	at railo.runtime.PageContextImpl.doInclude(PageContextImpl.java:909)
	at railo.runtime.PageContextImpl.doInclude(PageContextImpl.java:861)
	at railo.runtime.listener.ModernAppListener._onRequest(ModernAppListener.java:206)
	at railo.runtime.listener.ModernAppListener.onRequest(ModernAppListener.java:84)
	at railo.runtime.PageContextImpl.execute(PageContextImpl.java:2212)
	at railo.runtime.PageContextImpl.execute(PageContextImpl.java:2179)
	at railo.runtime.engine.CFMLEngineImpl.serviceCFML(CFMLEngineImpl.java:331)
	at railo.loader.servlet.CFMLServlet.service(CFMLServlet.java:29)
	at javax.servlet.http.HttpServlet.service(HttpServlet.java:728)
	at org.apache.catalina.core.ApplicationFilterChain.internalDoFilter(ApplicationFilterChain.java:305)
	at org.apache.catalina.core.ApplicationFilterChain.doFilter(ApplicationFilterChain.java:210)
	at org.apache.catalina.core.StandardWrapperValve.invoke(StandardWrapperValve.java:222)
	at org.apache.catalina.core.StandardContextValve.invoke(StandardContextValve.java:123)
	at org.apache.catalina.authenticator.AuthenticatorBase.invoke(AuthenticatorBase.java:472)
	at org.apache.catalina.core.StandardHostValve.invoke(StandardHostValve.java:171)
	at org.apache.catalina.valves.ErrorReportValve.invoke(ErrorReportValve.java:99)
	at org.apache.catalina.core.StandardEngineValve.invoke(StandardEngineValve.java:118)
	at org.apache.catalina.connector.CoyoteAdapter.service(CoyoteAdapter.java:407)
	at org.apache.coyote.ajp.AjpProcessor.process(AjpProcessor.java:200)
	at org.apache.coyote.AbstractProtocol$AbstractConnectionHandler.process(AbstractProtocol.java:589)
	at org.apache.tomcat.util.net.JIoEndpoint$SocketProcessor.run(JIoEndpoint.java:310)
	at java.util.concurrent.ThreadPoolExecutor.runWorker(Unknown Source)
	at java.util.concurrent.ThreadPoolExecutor$Worker.run(Unknown Source)
	at java.lang.Thread.run(Unknown Source)
"
"ERROR","Thread-3","03/07/2015","17:22:31","controler","stop thread (2) because run into a timeout path: C:\inetpub\kTimelineApp\userFeed.cfm.;java.lang.Throwable;java.lang.Throwable
	at java.net.SocketInputStream.socketRead0(Native Method)
	at java.net.SocketInputStream.read(Unknown Source)
	at java.net.SocketInputStream.read(Unknown Source)
	at sun.security.ssl.InputRecord.readFully(Unknown Source)
	at sun.security.ssl.InputRecord.readV3Record(Unknown Source)
	at sun.security.ssl.InputRecord.read(Unknown Source)
	at sun.security.ssl.SSLSocketImpl.readRecord(Unknown Source)
	at sun.security.ssl.SSLSocketImpl.readDataRecord(Unknown Source)
	at sun.security.ssl.AppInputStream.read(Unknown Source)
	at org.apache.http.impl.io.AbstractSessionInputBuffer.fillBuffer(AbstractSessionInputBuffer.java:149)
	at org.apache.http.impl.io.SocketInputBuffer.fillBuffer(SocketInputBuffer.java:111)
	at org.apache.http.impl.io.AbstractSessionInputBuffer.read(AbstractSessionInputBuffer.java:195)
	at org.apache.http.impl.io.ContentLengthInputStream.read(ContentLengthInputStream.java:176)
	at org.apache.http.conn.EofSensorInputStream.read(EofSensorInputStream.java:138)
	at java.util.zip.InflaterInputStream.fill(Unknown Source)
	at java.util.zip.InflaterInputStream.read(Unknown Source)
	at java.util.zip.GZIPInputStream.read(Unknown Source)
	at sun.nio.cs.StreamDecoder.readBytes(Unknown Source)
	at sun.nio.cs.StreamDecoder.implRead(Unknown Source)
	at sun.nio.cs.StreamDecoder.read(Unknown Source)
	at java.io.InputStreamReader.read(Unknown Source)
	at java.io.BufferedReader.read1(Unknown Source)
	at java.io.BufferedReader.read(Unknown Source)
	at java.io.Reader.read(Unknown Source)
	at railo.commons.io.IOUtil.copy(IOUtil.java:308)
	at railo.commons.io.IOUtil.copy(IOUtil.java:276)
	at railo.commons.io.IOUtil.toString(IOUtil.java:646)
	at railo.commons.io.IOUtil.toString(IOUtil.java:619)
	at railo.runtime.tag.Http4._doEndTag(Http4.java:1111)
	at railo.runtime.tag.Http4.doEndTag(Http4.java:591)
	at userfeed_cfm$cf.call(C:\inetpub\kTimelineApp\userFeed.cfm:18)
	at railo.runtime.PageContextImpl.doInclude(PageContextImpl.java:909)
	at railo.runtime.PageContextImpl.doInclude(PageContextImpl.java:861)
	at railo.runtime.listener.ModernAppListener._onRequest(ModernAppListener.java:206)
	at railo.runtime.listener.ModernAppListener.onRequest(ModernAppListener.java:84)
	at railo.runtime.PageContextImpl.execute(PageContextImpl.java:2212)
	at railo.runtime.PageContextImpl.execute(PageContextImpl.java:2179)
	at railo.runtime.engine.CFMLEngineImpl.serviceCFML(CFMLEngineImpl.java:331)
	at railo.loader.servlet.CFMLServlet.service(CFMLServlet.java:29)
	at javax.servlet.http.HttpServlet.service(HttpServlet.java:728)
	at org.apache.catalina.core.ApplicationFilterChain.internalDoFilter(ApplicationFilterChain.java:305)
	at org.apache.catalina.core.ApplicationFilterChain.doFilter(ApplicationFilterChain.java:210)
	at org.apache.catalina.core.StandardWrapperValve.invoke(StandardWrapperValve.java:222)
	at org.apache.catalina.core.StandardContextValve.invoke(StandardContextValve.java:123)
	at org.apache.catalina.authenticator.AuthenticatorBase.invoke(AuthenticatorBase.java:472)
	at org.apache.catalina.core.StandardHostValve.invoke(StandardHostValve.java:171)
	at org.apache.catalina.valves.ErrorReportValve.invoke(ErrorReportValve.java:99)
	at org.apache.catalina.core.StandardEngineValve.invoke(StandardEngineValve.java:118)
	at org.apache.catalina.connector.CoyoteAdapter.service(CoyoteAdapter.java:407)
	at org.apache.coyote.ajp.AjpProcessor.process(AjpProcessor.java:200)
	at org.apache.coyote.AbstractProtocol$AbstractConnectionHandler.process(AbstractProtocol.java:589)
	at org.apache.tomcat.util.net.JIoEndpoint$SocketProcessor.run(JIoEndpoint.java:310)
	at java.util.concurrent.ThreadPoolExecutor.runWorker(Unknown Source)
	at java.util.concurrent.ThreadPoolExecutor$Worker.run(Unknown Source)
	at java.lang.Thread.run(Unknown Source)
"
"ERROR","Thread-3","03/07/2015","17:30:06","controler","stop thread (4) because run into a timeout path: C:\inetpub\kTimelineApp\Auth.cfm.;java.lang.Throwable;java.lang.Throwable
	at java.net.SocketInputStream.socketRead0(Native Method)
	at java.net.SocketInputStream.read(Unknown Source)
	at java.net.SocketInputStream.read(Unknown Source)
	at sun.security.ssl.InputRecord.readFully(Unknown Source)
	at sun.security.ssl.InputRecord.read(Unknown Source)
	at sun.security.ssl.SSLSocketImpl.readRecord(Unknown Source)
	at sun.security.ssl.SSLSocketImpl.performInitialHandshake(Unknown Source)
	at sun.security.ssl.SSLSocketImpl.startHandshake(Unknown Source)
	at sun.security.ssl.SSLSocketImpl.getSession(Unknown Source)
	at org.apache.http.conn.ssl.AbstractVerifier.verify(AbstractVerifier.java:91)
	at org.apache.http.conn.ssl.SSLSocketFactory.connectSocket(SSLSocketFactory.java:397)
	at org.apache.http.impl.conn.DefaultClientConnectionOperator.openConnection(DefaultClientConnectionOperator.java:148)
	at org.apache.http.impl.conn.AbstractPoolEntry.open(AbstractPoolEntry.java:150)
	at org.apache.http.impl.conn.AbstractPooledConnAdapter.open(AbstractPooledConnAdapter.java:121)
	at org.apache.http.impl.client.DefaultRequestDirector.tryConnect(DefaultRequestDirector.java:575)
	at org.apache.http.impl.client.DefaultRequestDirector.execute(DefaultRequestDirector.java:425)
	at org.apache.http.impl.client.AbstractHttpClient.execute(AbstractHttpClient.java:820)
	at org.apache.http.impl.client.AbstractHttpClient.execute(AbstractHttpClient.java:754)
	at railo.runtime.tag.Executor4.execute(Http4.java:1914)
	at railo.runtime.tag.Http4._doEndTag(Http4.java:946)
	at railo.runtime.tag.Http4.doEndTag(Http4.java:591)
	at auth_cfm$cf.call(C:\inetpub\kTimelineApp\Auth.cfm:23)
	at railo.runtime.PageContextImpl.doInclude(PageContextImpl.java:909)
	at railo.runtime.PageContextImpl.doInclude(PageContextImpl.java:861)
	at railo.runtime.listener.ModernAppListener._onRequest(ModernAppListener.java:206)
	at railo.runtime.listener.ModernAppListener.onRequest(ModernAppListener.java:84)
	at railo.runtime.PageContextImpl.execute(PageContextImpl.java:2212)
	at railo.runtime.PageContextImpl.execute(PageContextImpl.java:2179)
	at railo.runtime.engine.CFMLEngineImpl.serviceCFML(CFMLEngineImpl.java:331)
	at railo.loader.servlet.CFMLServlet.service(CFMLServlet.java:29)
	at javax.servlet.http.HttpServlet.service(HttpServlet.java:728)
	at org.apache.catalina.core.ApplicationFilterChain.internalDoFilter(ApplicationFilterChain.java:305)
	at org.apache.catalina.core.ApplicationFilterChain.doFilter(ApplicationFilterChain.java:210)
	at org.apache.catalina.core.StandardWrapperValve.invoke(StandardWrapperValve.java:222)
	at org.apache.catalina.core.StandardContextValve.invoke(StandardContextValve.java:123)
	at org.apache.catalina.authenticator.AuthenticatorBase.invoke(AuthenticatorBase.java:472)
	at org.apache.catalina.core.StandardHostValve.invoke(StandardHostValve.java:171)
	at org.apache.catalina.valves.ErrorReportValve.invoke(ErrorReportValve.java:99)
	at org.apache.catalina.core.StandardEngineValve.invoke(StandardEngineValve.java:118)
	at org.apache.catalina.connector.CoyoteAdapter.service(CoyoteAdapter.java:407)
	at org.apache.coyote.ajp.AjpProcessor.process(AjpProcessor.java:200)
	at org.apache.coyote.AbstractProtocol$AbstractConnectionHandler.process(AbstractProtocol.java:589)
	at org.apache.tomcat.util.net.JIoEndpoint$SocketProcessor.run(JIoEndpoint.java:310)
	at java.util.concurrent.ThreadPoolExecutor.runWorker(Unknown Source)
	at java.util.concurrent.ThreadPoolExecutor$Worker.run(Unknown Source)
	at java.lang.Thread.run(Unknown Source)
"
