"Severity","ThreadID","Date","Time","Application","Message"
"ERROR","http-bio-80-exec-1","03/25/2015","02:43:27","",";Page /timeline.cfm [/opt/lucee/tomcat/webapps/ROOT/timeline.cfm] not found;Page /timeline.cfm [/opt/lucee/tomcat/webapps/ROOT/timeline.cfm] not found
	at lucee.runtime.PageSourceImpl.loadPage(Unknown Source):-1
	at lucee.runtime.PageContextImpl.doInclude(Unknown Source):-1
	at lucee.runtime.PageContextImpl.doInclude(Unknown Source):-1
	at lucee.runtime.listener.ModernAppListener._onRequest(Unknown Source):-1
	at lucee.runtime.listener.MixedAppListener.onRequest(Unknown Source):-1
	at lucee.runtime.PageContextImpl.execute(Unknown Source):-1
	at lucee.runtime.PageContextImpl.execute(Unknown Source):-1
	at lucee.runtime.engine.CFMLEngineImpl.serviceCFML(Unknown Source):-1
	at lucee.loader.servlet.CFMLServlet.service(Unknown Source):-1
	at javax.servlet.http.HttpServlet.service(HttpServlet.java:727):727
	at org.apache.catalina.core.ApplicationFilterChain.internalDoFilter(ApplicationFilterChain.java:303):303
	at org.apache.catalina.core.ApplicationFilterChain.doFilter(ApplicationFilterChain.java:208):208
	at org.apache.tomcat.websocket.server.WsFilter.doFilter(WsFilter.java:52):52
	at org.apache.catalina.core.ApplicationFilterChain.internalDoFilter(ApplicationFilterChain.java:241):241
	at org.apache.catalina.core.ApplicationFilterChain.doFilter(ApplicationFilterChain.java:208):208
	at org.apache.catalina.core.StandardWrapperValve.invoke(StandardWrapperValve.java:220):220
	at org.apache.catalina.core.StandardContextValve.invoke(StandardContextValve.java:122):122
	at org.apache.catalina.authenticator.AuthenticatorBase.invoke(AuthenticatorBase.java:504):504
	at org.apache.catalina.core.StandardHostValve.invoke(StandardHostValve.java:170):170
	at org.apache.catalina.valves.ErrorReportValve.invoke(ErrorReportValve.java:103):103
	at mod_cfml.core.invoke(core.java:132):132
	at org.apache.catalina.valves.AccessLogValve.invoke(AccessLogValve.java:950):950
	at org.apache.catalina.core.StandardEngineValve.invoke(StandardEngineValve.java:116):116
	at org.apache.catalina.connector.CoyoteAdapter.service(CoyoteAdapter.java:421):421
	at org.apache.coyote.http11.AbstractHttp11Processor.process(AbstractHttp11Processor.java:1074):1074
	at org.apache.coyote.AbstractProtocol$AbstractConnectionHandler.process(AbstractProtocol.java:611):611
	at org.apache.tomcat.util.net.JIoEndpoint$SocketProcessor.run(JIoEndpoint.java:314):314
	at java.util.concurrent.ThreadPoolExecutor.runWorker(ThreadPoolExecutor.java:1145):1145
	at java.util.concurrent.ThreadPoolExecutor$Worker.run(ThreadPoolExecutor.java:615):615
	at org.apache.tomcat.util.threads.TaskThread$WrappingRunnable.run(TaskThread.java:61):61
	at java.lang.Thread.run(Thread.java:745):745
"
